[2025-03-29 23:36:31] laravel.EMERGENCY: Unable to create configured logger. Using emergency logger. {"exception":"[object] (Illuminate\\Contracts\\Container\\BindingResolutionException(code: 0): Target class [Illuminate\\Contracts\\Log\\ContextLogProcessor] does not exist. at /mnt/wwn-0x5000c5008073af77-part1/STORM_FRAMEWORK/usage/tests/storm/vendor/illuminate/container/Container.php:1019)
[stacktrace]
#0 /mnt/wwn-0x5000c5008073af77-part1/STORM_FRAMEWORK/usage/tests/storm/vendor/illuminate/container/Container.php(890): Illuminate\\Container\\Container->build()
#1 /mnt/wwn-0x5000c5008073af77-part1/STORM_FRAMEWORK/usage/tests/storm/vendor/illuminate/container/Container.php(821): Illuminate\\Container\\Container->resolve()
#2 /mnt/wwn-0x5000c5008073af77-part1/STORM_FRAMEWORK/usage/tests/storm/vendor/illuminate/log/LogManager.php(146): Illuminate\\Container\\Container->make()
#3 /mnt/wwn-0x5000c5008073af77-part1/STORM_FRAMEWORK/usage/tests/storm/vendor/illuminate/support/helpers.php(526): Illuminate\\Log\\LogManager->Illuminate\\Log\\{closure}()
#4 /mnt/wwn-0x5000c5008073af77-part1/STORM_FRAMEWORK/usage/tests/storm/vendor/illuminate/log/LogManager.php(139): with()
#5 /mnt/wwn-0x5000c5008073af77-part1/STORM_FRAMEWORK/usage/tests/storm/vendor/illuminate/log/LogManager.php(126): Illuminate\\Log\\LogManager->get()
#6 /mnt/wwn-0x5000c5008073af77-part1/STORM_FRAMEWORK/usage/tests/storm/vendor/illuminate/log/LogManager.php(692): Illuminate\\Log\\LogManager->driver()
#7 /mnt/wwn-0x5000c5008073af77-part1/STORM_FRAMEWORK/usage/tests/storm/vendor/illuminate/support/Facades/Facade.php(361): Illuminate\\Log\\LogManager->error()
#8 /mnt/wwn-0x5000c5008073af77-part1/STORM_FRAMEWORK/usage/tests/storm/app/web/Controllers/TachesController.php(26): Illuminate\\Support\\Facades\\Facade::__callStatic()
#9 [internal function]: App\\web\\Controllers\\TachesController->index()
#10 /mnt/wwn-0x5000c5008073af77-part1/STORM_FRAMEWORK/usage/tests/storm/vendor/storm/framework/src/Routes/Route.php(186): call_user_func_array()
#11 /mnt/wwn-0x5000c5008073af77-part1/STORM_FRAMEWORK/usage/tests/storm/vendor/storm/framework/src/Routes/Route.php(159): StormBin\\Package\\Routes\\Route::execute()
#12 /mnt/wwn-0x5000c5008073af77-part1/STORM_FRAMEWORK/usage/tests/storm/vendor/storm/framework/src/Routes/Route.php(112): StormBin\\Package\\Routes\\Route::handleRoute()
#13 /mnt/wwn-0x5000c5008073af77-part1/STORM_FRAMEWORK/usage/tests/storm/public/index.php(43): StormBin\\Package\\Routes\\Route::dispatch()
#14 {main}

[previous exception] [object] (ReflectionException(code: -1): Class \"Illuminate\\Contracts\\Log\\ContextLogProcessor\" does not exist at /mnt/wwn-0x5000c5008073af77-part1/STORM_FRAMEWORK/usage/tests/storm/vendor/illuminate/container/Container.php:1017)
[stacktrace]
#0 /mnt/wwn-0x5000c5008073af77-part1/STORM_FRAMEWORK/usage/tests/storm/vendor/illuminate/container/Container.php(1017): ReflectionClass->__construct()
#1 /mnt/wwn-0x5000c5008073af77-part1/STORM_FRAMEWORK/usage/tests/storm/vendor/illuminate/container/Container.php(890): Illuminate\\Container\\Container->build()
#2 /mnt/wwn-0x5000c5008073af77-part1/STORM_FRAMEWORK/usage/tests/storm/vendor/illuminate/container/Container.php(821): Illuminate\\Container\\Container->resolve()
#3 /mnt/wwn-0x5000c5008073af77-part1/STORM_FRAMEWORK/usage/tests/storm/vendor/illuminate/log/LogManager.php(146): Illuminate\\Container\\Container->make()
#4 /mnt/wwn-0x5000c5008073af77-part1/STORM_FRAMEWORK/usage/tests/storm/vendor/illuminate/support/helpers.php(526): Illuminate\\Log\\LogManager->Illuminate\\Log\\{closure}()
#5 /mnt/wwn-0x5000c5008073af77-part1/STORM_FRAMEWORK/usage/tests/storm/vendor/illuminate/log/LogManager.php(139): with()
#6 /mnt/wwn-0x5000c5008073af77-part1/STORM_FRAMEWORK/usage/tests/storm/vendor/illuminate/log/LogManager.php(126): Illuminate\\Log\\LogManager->get()
#7 /mnt/wwn-0x5000c5008073af77-part1/STORM_FRAMEWORK/usage/tests/storm/vendor/illuminate/log/LogManager.php(692): Illuminate\\Log\\LogManager->driver()
#8 /mnt/wwn-0x5000c5008073af77-part1/STORM_FRAMEWORK/usage/tests/storm/vendor/illuminate/support/Facades/Facade.php(361): Illuminate\\Log\\LogManager->error()
#9 /mnt/wwn-0x5000c5008073af77-part1/STORM_FRAMEWORK/usage/tests/storm/app/web/Controllers/TachesController.php(26): Illuminate\\Support\\Facades\\Facade::__callStatic()
#10 [internal function]: App\\web\\Controllers\\TachesController->index()
#11 /mnt/wwn-0x5000c5008073af77-part1/STORM_FRAMEWORK/usage/tests/storm/vendor/storm/framework/src/Routes/Route.php(186): call_user_func_array()
#12 /mnt/wwn-0x5000c5008073af77-part1/STORM_FRAMEWORK/usage/tests/storm/vendor/storm/framework/src/Routes/Route.php(159): StormBin\\Package\\Routes\\Route::execute()
#13 /mnt/wwn-0x5000c5008073af77-part1/STORM_FRAMEWORK/usage/tests/storm/vendor/storm/framework/src/Routes/Route.php(112): StormBin\\Package\\Routes\\Route::handleRoute()
#14 /mnt/wwn-0x5000c5008073af77-part1/STORM_FRAMEWORK/usage/tests/storm/public/index.php(43): StormBin\\Package\\Routes\\Route::dispatch()
#15 {main}
"} 
[2025-03-29 23:36:31] laravel.ERROR: Index error: Route generation error (View: /mnt/wwn-0x5000c5008073af77-part1/STORM_FRAMEWORK/usage/tests/storm/Views/Taches/index.blade.php)  
[2025-03-30 00:00:06] laravel.EMERGENCY: Unable to create configured logger. Using emergency logger. {"exception":"[object] (Illuminate\\Contracts\\Container\\BindingResolutionException(code: 0): Target class [Illuminate\\Contracts\\Log\\ContextLogProcessor] does not exist. at /mnt/wwn-0x5000c5008073af77-part1/STORM_FRAMEWORK/usage/tests/storm/vendor/illuminate/container/Container.php:1019)
[stacktrace]
#0 /mnt/wwn-0x5000c5008073af77-part1/STORM_FRAMEWORK/usage/tests/storm/vendor/illuminate/container/Container.php(890): Illuminate\\Container\\Container->build()
#1 /mnt/wwn-0x5000c5008073af77-part1/STORM_FRAMEWORK/usage/tests/storm/vendor/illuminate/container/Container.php(821): Illuminate\\Container\\Container->resolve()
#2 /mnt/wwn-0x5000c5008073af77-part1/STORM_FRAMEWORK/usage/tests/storm/vendor/illuminate/log/LogManager.php(146): Illuminate\\Container\\Container->make()
#3 /mnt/wwn-0x5000c5008073af77-part1/STORM_FRAMEWORK/usage/tests/storm/vendor/illuminate/support/helpers.php(526): Illuminate\\Log\\LogManager->Illuminate\\Log\\{closure}()
#4 /mnt/wwn-0x5000c5008073af77-part1/STORM_FRAMEWORK/usage/tests/storm/vendor/illuminate/log/LogManager.php(139): with()
#5 /mnt/wwn-0x5000c5008073af77-part1/STORM_FRAMEWORK/usage/tests/storm/vendor/illuminate/log/LogManager.php(126): Illuminate\\Log\\LogManager->get()
#6 /mnt/wwn-0x5000c5008073af77-part1/STORM_FRAMEWORK/usage/tests/storm/vendor/illuminate/log/LogManager.php(692): Illuminate\\Log\\LogManager->driver()
#7 /mnt/wwn-0x5000c5008073af77-part1/STORM_FRAMEWORK/usage/tests/storm/vendor/illuminate/support/Facades/Facade.php(361): Illuminate\\Log\\LogManager->error()
#8 /mnt/wwn-0x5000c5008073af77-part1/STORM_FRAMEWORK/usage/tests/storm/app/web/Controllers/LivresController.php(25): Illuminate\\Support\\Facades\\Facade::__callStatic()
#9 [internal function]: App\\web\\Controllers\\LivresController->index()
#10 /mnt/wwn-0x5000c5008073af77-part1/STORM_FRAMEWORK/usage/tests/storm/vendor/storm/framework/src/Routes/Route.php(186): call_user_func_array()
#11 /mnt/wwn-0x5000c5008073af77-part1/STORM_FRAMEWORK/usage/tests/storm/vendor/storm/framework/src/Routes/Route.php(159): StormBin\\Package\\Routes\\Route::execute()
#12 /mnt/wwn-0x5000c5008073af77-part1/STORM_FRAMEWORK/usage/tests/storm/vendor/storm/framework/src/Routes/Route.php(112): StormBin\\Package\\Routes\\Route::handleRoute()
#13 /mnt/wwn-0x5000c5008073af77-part1/STORM_FRAMEWORK/usage/tests/storm/public/index.php(43): StormBin\\Package\\Routes\\Route::dispatch()
#14 {main}

[previous exception] [object] (ReflectionException(code: -1): Class \"Illuminate\\Contracts\\Log\\ContextLogProcessor\" does not exist at /mnt/wwn-0x5000c5008073af77-part1/STORM_FRAMEWORK/usage/tests/storm/vendor/illuminate/container/Container.php:1017)
[stacktrace]
#0 /mnt/wwn-0x5000c5008073af77-part1/STORM_FRAMEWORK/usage/tests/storm/vendor/illuminate/container/Container.php(1017): ReflectionClass->__construct()
#1 /mnt/wwn-0x5000c5008073af77-part1/STORM_FRAMEWORK/usage/tests/storm/vendor/illuminate/container/Container.php(890): Illuminate\\Container\\Container->build()
#2 /mnt/wwn-0x5000c5008073af77-part1/STORM_FRAMEWORK/usage/tests/storm/vendor/illuminate/container/Container.php(821): Illuminate\\Container\\Container->resolve()
#3 /mnt/wwn-0x5000c5008073af77-part1/STORM_FRAMEWORK/usage/tests/storm/vendor/illuminate/log/LogManager.php(146): Illuminate\\Container\\Container->make()
#4 /mnt/wwn-0x5000c5008073af77-part1/STORM_FRAMEWORK/usage/tests/storm/vendor/illuminate/support/helpers.php(526): Illuminate\\Log\\LogManager->Illuminate\\Log\\{closure}()
#5 /mnt/wwn-0x5000c5008073af77-part1/STORM_FRAMEWORK/usage/tests/storm/vendor/illuminate/log/LogManager.php(139): with()
#6 /mnt/wwn-0x5000c5008073af77-part1/STORM_FRAMEWORK/usage/tests/storm/vendor/illuminate/log/LogManager.php(126): Illuminate\\Log\\LogManager->get()
#7 /mnt/wwn-0x5000c5008073af77-part1/STORM_FRAMEWORK/usage/tests/storm/vendor/illuminate/log/LogManager.php(692): Illuminate\\Log\\LogManager->driver()
#8 /mnt/wwn-0x5000c5008073af77-part1/STORM_FRAMEWORK/usage/tests/storm/vendor/illuminate/support/Facades/Facade.php(361): Illuminate\\Log\\LogManager->error()
#9 /mnt/wwn-0x5000c5008073af77-part1/STORM_FRAMEWORK/usage/tests/storm/app/web/Controllers/LivresController.php(25): Illuminate\\Support\\Facades\\Facade::__callStatic()
#10 [internal function]: App\\web\\Controllers\\LivresController->index()
#11 /mnt/wwn-0x5000c5008073af77-part1/STORM_FRAMEWORK/usage/tests/storm/vendor/storm/framework/src/Routes/Route.php(186): call_user_func_array()
#12 /mnt/wwn-0x5000c5008073af77-part1/STORM_FRAMEWORK/usage/tests/storm/vendor/storm/framework/src/Routes/Route.php(159): StormBin\\Package\\Routes\\Route::execute()
#13 /mnt/wwn-0x5000c5008073af77-part1/STORM_FRAMEWORK/usage/tests/storm/vendor/storm/framework/src/Routes/Route.php(112): StormBin\\Package\\Routes\\Route::handleRoute()
#14 /mnt/wwn-0x5000c5008073af77-part1/STORM_FRAMEWORK/usage/tests/storm/public/index.php(43): StormBin\\Package\\Routes\\Route::dispatch()
#15 {main}
"} 
[2025-03-30 00:00:07] laravel.ERROR: Index error: Call to undefined function method_field() (View: /mnt/wwn-0x5000c5008073af77-part1/STORM_FRAMEWORK/usage/tests/storm/Views/Livres/index.blade.php)  
[2025-03-30 00:00:12] laravel.EMERGENCY: Unable to create configured logger. Using emergency logger. {"exception":"[object] (Illuminate\\Contracts\\Container\\BindingResolutionException(code: 0): Target class [Illuminate\\Contracts\\Log\\ContextLogProcessor] does not exist. at /mnt/wwn-0x5000c5008073af77-part1/STORM_FRAMEWORK/usage/tests/storm/vendor/illuminate/container/Container.php:1019)
[stacktrace]
#0 /mnt/wwn-0x5000c5008073af77-part1/STORM_FRAMEWORK/usage/tests/storm/vendor/illuminate/container/Container.php(890): Illuminate\\Container\\Container->build()
#1 /mnt/wwn-0x5000c5008073af77-part1/STORM_FRAMEWORK/usage/tests/storm/vendor/illuminate/container/Container.php(821): Illuminate\\Container\\Container->resolve()
#2 /mnt/wwn-0x5000c5008073af77-part1/STORM_FRAMEWORK/usage/tests/storm/vendor/illuminate/log/LogManager.php(146): Illuminate\\Container\\Container->make()
#3 /mnt/wwn-0x5000c5008073af77-part1/STORM_FRAMEWORK/usage/tests/storm/vendor/illuminate/support/helpers.php(526): Illuminate\\Log\\LogManager->Illuminate\\Log\\{closure}()
#4 /mnt/wwn-0x5000c5008073af77-part1/STORM_FRAMEWORK/usage/tests/storm/vendor/illuminate/log/LogManager.php(139): with()
#5 /mnt/wwn-0x5000c5008073af77-part1/STORM_FRAMEWORK/usage/tests/storm/vendor/illuminate/log/LogManager.php(126): Illuminate\\Log\\LogManager->get()
#6 /mnt/wwn-0x5000c5008073af77-part1/STORM_FRAMEWORK/usage/tests/storm/vendor/illuminate/log/LogManager.php(692): Illuminate\\Log\\LogManager->driver()
#7 /mnt/wwn-0x5000c5008073af77-part1/STORM_FRAMEWORK/usage/tests/storm/vendor/illuminate/support/Facades/Facade.php(361): Illuminate\\Log\\LogManager->error()
#8 /mnt/wwn-0x5000c5008073af77-part1/STORM_FRAMEWORK/usage/tests/storm/app/web/Controllers/LivresController.php(25): Illuminate\\Support\\Facades\\Facade::__callStatic()
#9 [internal function]: App\\web\\Controllers\\LivresController->index()
#10 /mnt/wwn-0x5000c5008073af77-part1/STORM_FRAMEWORK/usage/tests/storm/vendor/storm/framework/src/Routes/Route.php(186): call_user_func_array()
#11 /mnt/wwn-0x5000c5008073af77-part1/STORM_FRAMEWORK/usage/tests/storm/vendor/storm/framework/src/Routes/Route.php(159): StormBin\\Package\\Routes\\Route::execute()
#12 /mnt/wwn-0x5000c5008073af77-part1/STORM_FRAMEWORK/usage/tests/storm/vendor/storm/framework/src/Routes/Route.php(112): StormBin\\Package\\Routes\\Route::handleRoute()
#13 /mnt/wwn-0x5000c5008073af77-part1/STORM_FRAMEWORK/usage/tests/storm/public/index.php(43): StormBin\\Package\\Routes\\Route::dispatch()
#14 {main}

[previous exception] [object] (ReflectionException(code: -1): Class \"Illuminate\\Contracts\\Log\\ContextLogProcessor\" does not exist at /mnt/wwn-0x5000c5008073af77-part1/STORM_FRAMEWORK/usage/tests/storm/vendor/illuminate/container/Container.php:1017)
[stacktrace]
#0 /mnt/wwn-0x5000c5008073af77-part1/STORM_FRAMEWORK/usage/tests/storm/vendor/illuminate/container/Container.php(1017): ReflectionClass->__construct()
#1 /mnt/wwn-0x5000c5008073af77-part1/STORM_FRAMEWORK/usage/tests/storm/vendor/illuminate/container/Container.php(890): Illuminate\\Container\\Container->build()
#2 /mnt/wwn-0x5000c5008073af77-part1/STORM_FRAMEWORK/usage/tests/storm/vendor/illuminate/container/Container.php(821): Illuminate\\Container\\Container->resolve()
#3 /mnt/wwn-0x5000c5008073af77-part1/STORM_FRAMEWORK/usage/tests/storm/vendor/illuminate/log/LogManager.php(146): Illuminate\\Container\\Container->make()
#4 /mnt/wwn-0x5000c5008073af77-part1/STORM_FRAMEWORK/usage/tests/storm/vendor/illuminate/support/helpers.php(526): Illuminate\\Log\\LogManager->Illuminate\\Log\\{closure}()
#5 /mnt/wwn-0x5000c5008073af77-part1/STORM_FRAMEWORK/usage/tests/storm/vendor/illuminate/log/LogManager.php(139): with()
#6 /mnt/wwn-0x5000c5008073af77-part1/STORM_FRAMEWORK/usage/tests/storm/vendor/illuminate/log/LogManager.php(126): Illuminate\\Log\\LogManager->get()
#7 /mnt/wwn-0x5000c5008073af77-part1/STORM_FRAMEWORK/usage/tests/storm/vendor/illuminate/log/LogManager.php(692): Illuminate\\Log\\LogManager->driver()
#8 /mnt/wwn-0x5000c5008073af77-part1/STORM_FRAMEWORK/usage/tests/storm/vendor/illuminate/support/Facades/Facade.php(361): Illuminate\\Log\\LogManager->error()
#9 /mnt/wwn-0x5000c5008073af77-part1/STORM_FRAMEWORK/usage/tests/storm/app/web/Controllers/LivresController.php(25): Illuminate\\Support\\Facades\\Facade::__callStatic()
#10 [internal function]: App\\web\\Controllers\\LivresController->index()
#11 /mnt/wwn-0x5000c5008073af77-part1/STORM_FRAMEWORK/usage/tests/storm/vendor/storm/framework/src/Routes/Route.php(186): call_user_func_array()
#12 /mnt/wwn-0x5000c5008073af77-part1/STORM_FRAMEWORK/usage/tests/storm/vendor/storm/framework/src/Routes/Route.php(159): StormBin\\Package\\Routes\\Route::execute()
#13 /mnt/wwn-0x5000c5008073af77-part1/STORM_FRAMEWORK/usage/tests/storm/vendor/storm/framework/src/Routes/Route.php(112): StormBin\\Package\\Routes\\Route::handleRoute()
#14 /mnt/wwn-0x5000c5008073af77-part1/STORM_FRAMEWORK/usage/tests/storm/public/index.php(43): StormBin\\Package\\Routes\\Route::dispatch()
#15 {main}
"} 
[2025-03-30 00:00:12] laravel.ERROR: Index error: Call to undefined function method_field() (View: /mnt/wwn-0x5000c5008073af77-part1/STORM_FRAMEWORK/usage/tests/storm/Views/Livres/index.blade.php)  
[2025-03-30 00:00:15] laravel.EMERGENCY: Unable to create configured logger. Using emergency logger. {"exception":"[object] (Illuminate\\Contracts\\Container\\BindingResolutionException(code: 0): Target class [Illuminate\\Contracts\\Log\\ContextLogProcessor] does not exist. at /mnt/wwn-0x5000c5008073af77-part1/STORM_FRAMEWORK/usage/tests/storm/vendor/illuminate/container/Container.php:1019)
[stacktrace]
#0 /mnt/wwn-0x5000c5008073af77-part1/STORM_FRAMEWORK/usage/tests/storm/vendor/illuminate/container/Container.php(890): Illuminate\\Container\\Container->build()
#1 /mnt/wwn-0x5000c5008073af77-part1/STORM_FRAMEWORK/usage/tests/storm/vendor/illuminate/container/Container.php(821): Illuminate\\Container\\Container->resolve()
#2 /mnt/wwn-0x5000c5008073af77-part1/STORM_FRAMEWORK/usage/tests/storm/vendor/illuminate/log/LogManager.php(146): Illuminate\\Container\\Container->make()
#3 /mnt/wwn-0x5000c5008073af77-part1/STORM_FRAMEWORK/usage/tests/storm/vendor/illuminate/support/helpers.php(526): Illuminate\\Log\\LogManager->Illuminate\\Log\\{closure}()
#4 /mnt/wwn-0x5000c5008073af77-part1/STORM_FRAMEWORK/usage/tests/storm/vendor/illuminate/log/LogManager.php(139): with()
#5 /mnt/wwn-0x5000c5008073af77-part1/STORM_FRAMEWORK/usage/tests/storm/vendor/illuminate/log/LogManager.php(126): Illuminate\\Log\\LogManager->get()
#6 /mnt/wwn-0x5000c5008073af77-part1/STORM_FRAMEWORK/usage/tests/storm/vendor/illuminate/log/LogManager.php(692): Illuminate\\Log\\LogManager->driver()
#7 /mnt/wwn-0x5000c5008073af77-part1/STORM_FRAMEWORK/usage/tests/storm/vendor/illuminate/support/Facades/Facade.php(361): Illuminate\\Log\\LogManager->error()
#8 /mnt/wwn-0x5000c5008073af77-part1/STORM_FRAMEWORK/usage/tests/storm/app/web/Controllers/LivresController.php(25): Illuminate\\Support\\Facades\\Facade::__callStatic()
#9 [internal function]: App\\web\\Controllers\\LivresController->index()
#10 /mnt/wwn-0x5000c5008073af77-part1/STORM_FRAMEWORK/usage/tests/storm/vendor/storm/framework/src/Routes/Route.php(186): call_user_func_array()
#11 /mnt/wwn-0x5000c5008073af77-part1/STORM_FRAMEWORK/usage/tests/storm/vendor/storm/framework/src/Routes/Route.php(159): StormBin\\Package\\Routes\\Route::execute()
#12 /mnt/wwn-0x5000c5008073af77-part1/STORM_FRAMEWORK/usage/tests/storm/vendor/storm/framework/src/Routes/Route.php(112): StormBin\\Package\\Routes\\Route::handleRoute()
#13 /mnt/wwn-0x5000c5008073af77-part1/STORM_FRAMEWORK/usage/tests/storm/public/index.php(43): StormBin\\Package\\Routes\\Route::dispatch()
#14 {main}

[previous exception] [object] (ReflectionException(code: -1): Class \"Illuminate\\Contracts\\Log\\ContextLogProcessor\" does not exist at /mnt/wwn-0x5000c5008073af77-part1/STORM_FRAMEWORK/usage/tests/storm/vendor/illuminate/container/Container.php:1017)
[stacktrace]
#0 /mnt/wwn-0x5000c5008073af77-part1/STORM_FRAMEWORK/usage/tests/storm/vendor/illuminate/container/Container.php(1017): ReflectionClass->__construct()
#1 /mnt/wwn-0x5000c5008073af77-part1/STORM_FRAMEWORK/usage/tests/storm/vendor/illuminate/container/Container.php(890): Illuminate\\Container\\Container->build()
#2 /mnt/wwn-0x5000c5008073af77-part1/STORM_FRAMEWORK/usage/tests/storm/vendor/illuminate/container/Container.php(821): Illuminate\\Container\\Container->resolve()
#3 /mnt/wwn-0x5000c5008073af77-part1/STORM_FRAMEWORK/usage/tests/storm/vendor/illuminate/log/LogManager.php(146): Illuminate\\Container\\Container->make()
#4 /mnt/wwn-0x5000c5008073af77-part1/STORM_FRAMEWORK/usage/tests/storm/vendor/illuminate/support/helpers.php(526): Illuminate\\Log\\LogManager->Illuminate\\Log\\{closure}()
#5 /mnt/wwn-0x5000c5008073af77-part1/STORM_FRAMEWORK/usage/tests/storm/vendor/illuminate/log/LogManager.php(139): with()
#6 /mnt/wwn-0x5000c5008073af77-part1/STORM_FRAMEWORK/usage/tests/storm/vendor/illuminate/log/LogManager.php(126): Illuminate\\Log\\LogManager->get()
#7 /mnt/wwn-0x5000c5008073af77-part1/STORM_FRAMEWORK/usage/tests/storm/vendor/illuminate/log/LogManager.php(692): Illuminate\\Log\\LogManager->driver()
#8 /mnt/wwn-0x5000c5008073af77-part1/STORM_FRAMEWORK/usage/tests/storm/vendor/illuminate/support/Facades/Facade.php(361): Illuminate\\Log\\LogManager->error()
#9 /mnt/wwn-0x5000c5008073af77-part1/STORM_FRAMEWORK/usage/tests/storm/app/web/Controllers/LivresController.php(25): Illuminate\\Support\\Facades\\Facade::__callStatic()
#10 [internal function]: App\\web\\Controllers\\LivresController->index()
#11 /mnt/wwn-0x5000c5008073af77-part1/STORM_FRAMEWORK/usage/tests/storm/vendor/storm/framework/src/Routes/Route.php(186): call_user_func_array()
#12 /mnt/wwn-0x5000c5008073af77-part1/STORM_FRAMEWORK/usage/tests/storm/vendor/storm/framework/src/Routes/Route.php(159): StormBin\\Package\\Routes\\Route::execute()
#13 /mnt/wwn-0x5000c5008073af77-part1/STORM_FRAMEWORK/usage/tests/storm/vendor/storm/framework/src/Routes/Route.php(112): StormBin\\Package\\Routes\\Route::handleRoute()
#14 /mnt/wwn-0x5000c5008073af77-part1/STORM_FRAMEWORK/usage/tests/storm/public/index.php(43): StormBin\\Package\\Routes\\Route::dispatch()
#15 {main}
"} 
[2025-03-30 00:00:15] laravel.ERROR: Index error: Call to undefined function method_field() (View: /mnt/wwn-0x5000c5008073af77-part1/STORM_FRAMEWORK/usage/tests/storm/Views/Livres/index.blade.php)  
[2025-03-30 00:00:18] laravel.EMERGENCY: Unable to create configured logger. Using emergency logger. {"exception":"[object] (Illuminate\\Contracts\\Container\\BindingResolutionException(code: 0): Target class [Illuminate\\Contracts\\Log\\ContextLogProcessor] does not exist. at /mnt/wwn-0x5000c5008073af77-part1/STORM_FRAMEWORK/usage/tests/storm/vendor/illuminate/container/Container.php:1019)
[stacktrace]
#0 /mnt/wwn-0x5000c5008073af77-part1/STORM_FRAMEWORK/usage/tests/storm/vendor/illuminate/container/Container.php(890): Illuminate\\Container\\Container->build()
#1 /mnt/wwn-0x5000c5008073af77-part1/STORM_FRAMEWORK/usage/tests/storm/vendor/illuminate/container/Container.php(821): Illuminate\\Container\\Container->resolve()
#2 /mnt/wwn-0x5000c5008073af77-part1/STORM_FRAMEWORK/usage/tests/storm/vendor/illuminate/log/LogManager.php(146): Illuminate\\Container\\Container->make()
#3 /mnt/wwn-0x5000c5008073af77-part1/STORM_FRAMEWORK/usage/tests/storm/vendor/illuminate/support/helpers.php(526): Illuminate\\Log\\LogManager->Illuminate\\Log\\{closure}()
#4 /mnt/wwn-0x5000c5008073af77-part1/STORM_FRAMEWORK/usage/tests/storm/vendor/illuminate/log/LogManager.php(139): with()
#5 /mnt/wwn-0x5000c5008073af77-part1/STORM_FRAMEWORK/usage/tests/storm/vendor/illuminate/log/LogManager.php(126): Illuminate\\Log\\LogManager->get()
#6 /mnt/wwn-0x5000c5008073af77-part1/STORM_FRAMEWORK/usage/tests/storm/vendor/illuminate/log/LogManager.php(692): Illuminate\\Log\\LogManager->driver()
#7 /mnt/wwn-0x5000c5008073af77-part1/STORM_FRAMEWORK/usage/tests/storm/vendor/illuminate/support/Facades/Facade.php(361): Illuminate\\Log\\LogManager->error()
#8 /mnt/wwn-0x5000c5008073af77-part1/STORM_FRAMEWORK/usage/tests/storm/app/web/Controllers/LivresController.php(25): Illuminate\\Support\\Facades\\Facade::__callStatic()
#9 [internal function]: App\\web\\Controllers\\LivresController->index()
#10 /mnt/wwn-0x5000c5008073af77-part1/STORM_FRAMEWORK/usage/tests/storm/vendor/storm/framework/src/Routes/Route.php(186): call_user_func_array()
#11 /mnt/wwn-0x5000c5008073af77-part1/STORM_FRAMEWORK/usage/tests/storm/vendor/storm/framework/src/Routes/Route.php(159): StormBin\\Package\\Routes\\Route::execute()
#12 /mnt/wwn-0x5000c5008073af77-part1/STORM_FRAMEWORK/usage/tests/storm/vendor/storm/framework/src/Routes/Route.php(112): StormBin\\Package\\Routes\\Route::handleRoute()
#13 /mnt/wwn-0x5000c5008073af77-part1/STORM_FRAMEWORK/usage/tests/storm/public/index.php(43): StormBin\\Package\\Routes\\Route::dispatch()
#14 {main}

[previous exception] [object] (ReflectionException(code: -1): Class \"Illuminate\\Contracts\\Log\\ContextLogProcessor\" does not exist at /mnt/wwn-0x5000c5008073af77-part1/STORM_FRAMEWORK/usage/tests/storm/vendor/illuminate/container/Container.php:1017)
[stacktrace]
#0 /mnt/wwn-0x5000c5008073af77-part1/STORM_FRAMEWORK/usage/tests/storm/vendor/illuminate/container/Container.php(1017): ReflectionClass->__construct()
#1 /mnt/wwn-0x5000c5008073af77-part1/STORM_FRAMEWORK/usage/tests/storm/vendor/illuminate/container/Container.php(890): Illuminate\\Container\\Container->build()
#2 /mnt/wwn-0x5000c5008073af77-part1/STORM_FRAMEWORK/usage/tests/storm/vendor/illuminate/container/Container.php(821): Illuminate\\Container\\Container->resolve()
#3 /mnt/wwn-0x5000c5008073af77-part1/STORM_FRAMEWORK/usage/tests/storm/vendor/illuminate/log/LogManager.php(146): Illuminate\\Container\\Container->make()
#4 /mnt/wwn-0x5000c5008073af77-part1/STORM_FRAMEWORK/usage/tests/storm/vendor/illuminate/support/helpers.php(526): Illuminate\\Log\\LogManager->Illuminate\\Log\\{closure}()
#5 /mnt/wwn-0x5000c5008073af77-part1/STORM_FRAMEWORK/usage/tests/storm/vendor/illuminate/log/LogManager.php(139): with()
#6 /mnt/wwn-0x5000c5008073af77-part1/STORM_FRAMEWORK/usage/tests/storm/vendor/illuminate/log/LogManager.php(126): Illuminate\\Log\\LogManager->get()
#7 /mnt/wwn-0x5000c5008073af77-part1/STORM_FRAMEWORK/usage/tests/storm/vendor/illuminate/log/LogManager.php(692): Illuminate\\Log\\LogManager->driver()
#8 /mnt/wwn-0x5000c5008073af77-part1/STORM_FRAMEWORK/usage/tests/storm/vendor/illuminate/support/Facades/Facade.php(361): Illuminate\\Log\\LogManager->error()
#9 /mnt/wwn-0x5000c5008073af77-part1/STORM_FRAMEWORK/usage/tests/storm/app/web/Controllers/LivresController.php(25): Illuminate\\Support\\Facades\\Facade::__callStatic()
#10 [internal function]: App\\web\\Controllers\\LivresController->index()
#11 /mnt/wwn-0x5000c5008073af77-part1/STORM_FRAMEWORK/usage/tests/storm/vendor/storm/framework/src/Routes/Route.php(186): call_user_func_array()
#12 /mnt/wwn-0x5000c5008073af77-part1/STORM_FRAMEWORK/usage/tests/storm/vendor/storm/framework/src/Routes/Route.php(159): StormBin\\Package\\Routes\\Route::execute()
#13 /mnt/wwn-0x5000c5008073af77-part1/STORM_FRAMEWORK/usage/tests/storm/vendor/storm/framework/src/Routes/Route.php(112): StormBin\\Package\\Routes\\Route::handleRoute()
#14 /mnt/wwn-0x5000c5008073af77-part1/STORM_FRAMEWORK/usage/tests/storm/public/index.php(43): StormBin\\Package\\Routes\\Route::dispatch()
#15 {main}
"} 
[2025-03-30 00:00:18] laravel.ERROR: Index error: Call to undefined function method_field() (View: /mnt/wwn-0x5000c5008073af77-part1/STORM_FRAMEWORK/usage/tests/storm/Views/Livres/index.blade.php)  
[2025-03-30 00:00:20] laravel.EMERGENCY: Unable to create configured logger. Using emergency logger. {"exception":"[object] (Illuminate\\Contracts\\Container\\BindingResolutionException(code: 0): Target class [Illuminate\\Contracts\\Log\\ContextLogProcessor] does not exist. at /mnt/wwn-0x5000c5008073af77-part1/STORM_FRAMEWORK/usage/tests/storm/vendor/illuminate/container/Container.php:1019)
[stacktrace]
#0 /mnt/wwn-0x5000c5008073af77-part1/STORM_FRAMEWORK/usage/tests/storm/vendor/illuminate/container/Container.php(890): Illuminate\\Container\\Container->build()
#1 /mnt/wwn-0x5000c5008073af77-part1/STORM_FRAMEWORK/usage/tests/storm/vendor/illuminate/container/Container.php(821): Illuminate\\Container\\Container->resolve()
#2 /mnt/wwn-0x5000c5008073af77-part1/STORM_FRAMEWORK/usage/tests/storm/vendor/illuminate/log/LogManager.php(146): Illuminate\\Container\\Container->make()
#3 /mnt/wwn-0x5000c5008073af77-part1/STORM_FRAMEWORK/usage/tests/storm/vendor/illuminate/support/helpers.php(526): Illuminate\\Log\\LogManager->Illuminate\\Log\\{closure}()
#4 /mnt/wwn-0x5000c5008073af77-part1/STORM_FRAMEWORK/usage/tests/storm/vendor/illuminate/log/LogManager.php(139): with()
#5 /mnt/wwn-0x5000c5008073af77-part1/STORM_FRAMEWORK/usage/tests/storm/vendor/illuminate/log/LogManager.php(126): Illuminate\\Log\\LogManager->get()
#6 /mnt/wwn-0x5000c5008073af77-part1/STORM_FRAMEWORK/usage/tests/storm/vendor/illuminate/log/LogManager.php(692): Illuminate\\Log\\LogManager->driver()
#7 /mnt/wwn-0x5000c5008073af77-part1/STORM_FRAMEWORK/usage/tests/storm/vendor/illuminate/support/Facades/Facade.php(361): Illuminate\\Log\\LogManager->error()
#8 /mnt/wwn-0x5000c5008073af77-part1/STORM_FRAMEWORK/usage/tests/storm/app/web/Controllers/LivresController.php(25): Illuminate\\Support\\Facades\\Facade::__callStatic()
#9 [internal function]: App\\web\\Controllers\\LivresController->index()
#10 /mnt/wwn-0x5000c5008073af77-part1/STORM_FRAMEWORK/usage/tests/storm/vendor/storm/framework/src/Routes/Route.php(186): call_user_func_array()
#11 /mnt/wwn-0x5000c5008073af77-part1/STORM_FRAMEWORK/usage/tests/storm/vendor/storm/framework/src/Routes/Route.php(159): StormBin\\Package\\Routes\\Route::execute()
#12 /mnt/wwn-0x5000c5008073af77-part1/STORM_FRAMEWORK/usage/tests/storm/vendor/storm/framework/src/Routes/Route.php(112): StormBin\\Package\\Routes\\Route::handleRoute()
#13 /mnt/wwn-0x5000c5008073af77-part1/STORM_FRAMEWORK/usage/tests/storm/public/index.php(43): StormBin\\Package\\Routes\\Route::dispatch()
#14 {main}

[previous exception] [object] (ReflectionException(code: -1): Class \"Illuminate\\Contracts\\Log\\ContextLogProcessor\" does not exist at /mnt/wwn-0x5000c5008073af77-part1/STORM_FRAMEWORK/usage/tests/storm/vendor/illuminate/container/Container.php:1017)
[stacktrace]
#0 /mnt/wwn-0x5000c5008073af77-part1/STORM_FRAMEWORK/usage/tests/storm/vendor/illuminate/container/Container.php(1017): ReflectionClass->__construct()
#1 /mnt/wwn-0x5000c5008073af77-part1/STORM_FRAMEWORK/usage/tests/storm/vendor/illuminate/container/Container.php(890): Illuminate\\Container\\Container->build()
#2 /mnt/wwn-0x5000c5008073af77-part1/STORM_FRAMEWORK/usage/tests/storm/vendor/illuminate/container/Container.php(821): Illuminate\\Container\\Container->resolve()
#3 /mnt/wwn-0x5000c5008073af77-part1/STORM_FRAMEWORK/usage/tests/storm/vendor/illuminate/log/LogManager.php(146): Illuminate\\Container\\Container->make()
#4 /mnt/wwn-0x5000c5008073af77-part1/STORM_FRAMEWORK/usage/tests/storm/vendor/illuminate/support/helpers.php(526): Illuminate\\Log\\LogManager->Illuminate\\Log\\{closure}()
#5 /mnt/wwn-0x5000c5008073af77-part1/STORM_FRAMEWORK/usage/tests/storm/vendor/illuminate/log/LogManager.php(139): with()
#6 /mnt/wwn-0x5000c5008073af77-part1/STORM_FRAMEWORK/usage/tests/storm/vendor/illuminate/log/LogManager.php(126): Illuminate\\Log\\LogManager->get()
#7 /mnt/wwn-0x5000c5008073af77-part1/STORM_FRAMEWORK/usage/tests/storm/vendor/illuminate/log/LogManager.php(692): Illuminate\\Log\\LogManager->driver()
#8 /mnt/wwn-0x5000c5008073af77-part1/STORM_FRAMEWORK/usage/tests/storm/vendor/illuminate/support/Facades/Facade.php(361): Illuminate\\Log\\LogManager->error()
#9 /mnt/wwn-0x5000c5008073af77-part1/STORM_FRAMEWORK/usage/tests/storm/app/web/Controllers/LivresController.php(25): Illuminate\\Support\\Facades\\Facade::__callStatic()
#10 [internal function]: App\\web\\Controllers\\LivresController->index()
#11 /mnt/wwn-0x5000c5008073af77-part1/STORM_FRAMEWORK/usage/tests/storm/vendor/storm/framework/src/Routes/Route.php(186): call_user_func_array()
#12 /mnt/wwn-0x5000c5008073af77-part1/STORM_FRAMEWORK/usage/tests/storm/vendor/storm/framework/src/Routes/Route.php(159): StormBin\\Package\\Routes\\Route::execute()
#13 /mnt/wwn-0x5000c5008073af77-part1/STORM_FRAMEWORK/usage/tests/storm/vendor/storm/framework/src/Routes/Route.php(112): StormBin\\Package\\Routes\\Route::handleRoute()
#14 /mnt/wwn-0x5000c5008073af77-part1/STORM_FRAMEWORK/usage/tests/storm/public/index.php(43): StormBin\\Package\\Routes\\Route::dispatch()
#15 {main}
"} 
[2025-03-30 00:00:20] laravel.ERROR: Index error: Call to undefined function method_field() (View: /mnt/wwn-0x5000c5008073af77-part1/STORM_FRAMEWORK/usage/tests/storm/Views/Livres/index.blade.php)  
[2025-03-30 00:01:12] laravel.EMERGENCY: Unable to create configured logger. Using emergency logger. {"exception":"[object] (Illuminate\\Contracts\\Container\\BindingResolutionException(code: 0): Target class [Illuminate\\Contracts\\Log\\ContextLogProcessor] does not exist. at /mnt/wwn-0x5000c5008073af77-part1/STORM_FRAMEWORK/usage/tests/storm/vendor/illuminate/container/Container.php:1019)
[stacktrace]
#0 /mnt/wwn-0x5000c5008073af77-part1/STORM_FRAMEWORK/usage/tests/storm/vendor/illuminate/container/Container.php(890): Illuminate\\Container\\Container->build()
#1 /mnt/wwn-0x5000c5008073af77-part1/STORM_FRAMEWORK/usage/tests/storm/vendor/illuminate/container/Container.php(821): Illuminate\\Container\\Container->resolve()
#2 /mnt/wwn-0x5000c5008073af77-part1/STORM_FRAMEWORK/usage/tests/storm/vendor/illuminate/log/LogManager.php(146): Illuminate\\Container\\Container->make()
#3 /mnt/wwn-0x5000c5008073af77-part1/STORM_FRAMEWORK/usage/tests/storm/vendor/illuminate/support/helpers.php(526): Illuminate\\Log\\LogManager->Illuminate\\Log\\{closure}()
#4 /mnt/wwn-0x5000c5008073af77-part1/STORM_FRAMEWORK/usage/tests/storm/vendor/illuminate/log/LogManager.php(139): with()
#5 /mnt/wwn-0x5000c5008073af77-part1/STORM_FRAMEWORK/usage/tests/storm/vendor/illuminate/log/LogManager.php(126): Illuminate\\Log\\LogManager->get()
#6 /mnt/wwn-0x5000c5008073af77-part1/STORM_FRAMEWORK/usage/tests/storm/vendor/illuminate/log/LogManager.php(692): Illuminate\\Log\\LogManager->driver()
#7 /mnt/wwn-0x5000c5008073af77-part1/STORM_FRAMEWORK/usage/tests/storm/vendor/illuminate/support/Facades/Facade.php(361): Illuminate\\Log\\LogManager->error()
#8 /mnt/wwn-0x5000c5008073af77-part1/STORM_FRAMEWORK/usage/tests/storm/app/web/Controllers/LivresController.php(25): Illuminate\\Support\\Facades\\Facade::__callStatic()
#9 [internal function]: App\\web\\Controllers\\LivresController->index()
#10 /mnt/wwn-0x5000c5008073af77-part1/STORM_FRAMEWORK/usage/tests/storm/vendor/storm/framework/src/Routes/Route.php(186): call_user_func_array()
#11 /mnt/wwn-0x5000c5008073af77-part1/STORM_FRAMEWORK/usage/tests/storm/vendor/storm/framework/src/Routes/Route.php(159): StormBin\\Package\\Routes\\Route::execute()
#12 /mnt/wwn-0x5000c5008073af77-part1/STORM_FRAMEWORK/usage/tests/storm/vendor/storm/framework/src/Routes/Route.php(112): StormBin\\Package\\Routes\\Route::handleRoute()
#13 /mnt/wwn-0x5000c5008073af77-part1/STORM_FRAMEWORK/usage/tests/storm/public/index.php(43): StormBin\\Package\\Routes\\Route::dispatch()
#14 {main}

[previous exception] [object] (ReflectionException(code: -1): Class \"Illuminate\\Contracts\\Log\\ContextLogProcessor\" does not exist at /mnt/wwn-0x5000c5008073af77-part1/STORM_FRAMEWORK/usage/tests/storm/vendor/illuminate/container/Container.php:1017)
[stacktrace]
#0 /mnt/wwn-0x5000c5008073af77-part1/STORM_FRAMEWORK/usage/tests/storm/vendor/illuminate/container/Container.php(1017): ReflectionClass->__construct()
#1 /mnt/wwn-0x5000c5008073af77-part1/STORM_FRAMEWORK/usage/tests/storm/vendor/illuminate/container/Container.php(890): Illuminate\\Container\\Container->build()
#2 /mnt/wwn-0x5000c5008073af77-part1/STORM_FRAMEWORK/usage/tests/storm/vendor/illuminate/container/Container.php(821): Illuminate\\Container\\Container->resolve()
#3 /mnt/wwn-0x5000c5008073af77-part1/STORM_FRAMEWORK/usage/tests/storm/vendor/illuminate/log/LogManager.php(146): Illuminate\\Container\\Container->make()
#4 /mnt/wwn-0x5000c5008073af77-part1/STORM_FRAMEWORK/usage/tests/storm/vendor/illuminate/support/helpers.php(526): Illuminate\\Log\\LogManager->Illuminate\\Log\\{closure}()
#5 /mnt/wwn-0x5000c5008073af77-part1/STORM_FRAMEWORK/usage/tests/storm/vendor/illuminate/log/LogManager.php(139): with()
#6 /mnt/wwn-0x5000c5008073af77-part1/STORM_FRAMEWORK/usage/tests/storm/vendor/illuminate/log/LogManager.php(126): Illuminate\\Log\\LogManager->get()
#7 /mnt/wwn-0x5000c5008073af77-part1/STORM_FRAMEWORK/usage/tests/storm/vendor/illuminate/log/LogManager.php(692): Illuminate\\Log\\LogManager->driver()
#8 /mnt/wwn-0x5000c5008073af77-part1/STORM_FRAMEWORK/usage/tests/storm/vendor/illuminate/support/Facades/Facade.php(361): Illuminate\\Log\\LogManager->error()
#9 /mnt/wwn-0x5000c5008073af77-part1/STORM_FRAMEWORK/usage/tests/storm/app/web/Controllers/LivresController.php(25): Illuminate\\Support\\Facades\\Facade::__callStatic()
#10 [internal function]: App\\web\\Controllers\\LivresController->index()
#11 /mnt/wwn-0x5000c5008073af77-part1/STORM_FRAMEWORK/usage/tests/storm/vendor/storm/framework/src/Routes/Route.php(186): call_user_func_array()
#12 /mnt/wwn-0x5000c5008073af77-part1/STORM_FRAMEWORK/usage/tests/storm/vendor/storm/framework/src/Routes/Route.php(159): StormBin\\Package\\Routes\\Route::execute()
#13 /mnt/wwn-0x5000c5008073af77-part1/STORM_FRAMEWORK/usage/tests/storm/vendor/storm/framework/src/Routes/Route.php(112): StormBin\\Package\\Routes\\Route::handleRoute()
#14 /mnt/wwn-0x5000c5008073af77-part1/STORM_FRAMEWORK/usage/tests/storm/public/index.php(43): StormBin\\Package\\Routes\\Route::dispatch()
#15 {main}
"} 
[2025-03-30 00:01:12] laravel.ERROR: Index error: Call to undefined function method_field() (View: /mnt/wwn-0x5000c5008073af77-part1/STORM_FRAMEWORK/usage/tests/storm/Views/Livres/index.blade.php)  
[2025-03-30 00:02:02] laravel.EMERGENCY: Unable to create configured logger. Using emergency logger. {"exception":"[object] (Illuminate\\Contracts\\Container\\BindingResolutionException(code: 0): Target class [Illuminate\\Contracts\\Log\\ContextLogProcessor] does not exist. at /mnt/wwn-0x5000c5008073af77-part1/STORM_FRAMEWORK/usage/tests/storm/vendor/illuminate/container/Container.php:1019)
[stacktrace]
#0 /mnt/wwn-0x5000c5008073af77-part1/STORM_FRAMEWORK/usage/tests/storm/vendor/illuminate/container/Container.php(890): Illuminate\\Container\\Container->build()
#1 /mnt/wwn-0x5000c5008073af77-part1/STORM_FRAMEWORK/usage/tests/storm/vendor/illuminate/container/Container.php(821): Illuminate\\Container\\Container->resolve()
#2 /mnt/wwn-0x5000c5008073af77-part1/STORM_FRAMEWORK/usage/tests/storm/vendor/illuminate/log/LogManager.php(146): Illuminate\\Container\\Container->make()
#3 /mnt/wwn-0x5000c5008073af77-part1/STORM_FRAMEWORK/usage/tests/storm/vendor/illuminate/support/helpers.php(526): Illuminate\\Log\\LogManager->Illuminate\\Log\\{closure}()
#4 /mnt/wwn-0x5000c5008073af77-part1/STORM_FRAMEWORK/usage/tests/storm/vendor/illuminate/log/LogManager.php(139): with()
#5 /mnt/wwn-0x5000c5008073af77-part1/STORM_FRAMEWORK/usage/tests/storm/vendor/illuminate/log/LogManager.php(126): Illuminate\\Log\\LogManager->get()
#6 /mnt/wwn-0x5000c5008073af77-part1/STORM_FRAMEWORK/usage/tests/storm/vendor/illuminate/log/LogManager.php(692): Illuminate\\Log\\LogManager->driver()
#7 /mnt/wwn-0x5000c5008073af77-part1/STORM_FRAMEWORK/usage/tests/storm/vendor/illuminate/support/Facades/Facade.php(361): Illuminate\\Log\\LogManager->error()
#8 /mnt/wwn-0x5000c5008073af77-part1/STORM_FRAMEWORK/usage/tests/storm/app/web/Controllers/LivresController.php(25): Illuminate\\Support\\Facades\\Facade::__callStatic()
#9 [internal function]: App\\web\\Controllers\\LivresController->index()
#10 /mnt/wwn-0x5000c5008073af77-part1/STORM_FRAMEWORK/usage/tests/storm/vendor/storm/framework/src/Routes/Route.php(186): call_user_func_array()
#11 /mnt/wwn-0x5000c5008073af77-part1/STORM_FRAMEWORK/usage/tests/storm/vendor/storm/framework/src/Routes/Route.php(159): StormBin\\Package\\Routes\\Route::execute()
#12 /mnt/wwn-0x5000c5008073af77-part1/STORM_FRAMEWORK/usage/tests/storm/vendor/storm/framework/src/Routes/Route.php(112): StormBin\\Package\\Routes\\Route::handleRoute()
#13 /mnt/wwn-0x5000c5008073af77-part1/STORM_FRAMEWORK/usage/tests/storm/public/index.php(43): StormBin\\Package\\Routes\\Route::dispatch()
#14 {main}

[previous exception] [object] (ReflectionException(code: -1): Class \"Illuminate\\Contracts\\Log\\ContextLogProcessor\" does not exist at /mnt/wwn-0x5000c5008073af77-part1/STORM_FRAMEWORK/usage/tests/storm/vendor/illuminate/container/Container.php:1017)
[stacktrace]
#0 /mnt/wwn-0x5000c5008073af77-part1/STORM_FRAMEWORK/usage/tests/storm/vendor/illuminate/container/Container.php(1017): ReflectionClass->__construct()
#1 /mnt/wwn-0x5000c5008073af77-part1/STORM_FRAMEWORK/usage/tests/storm/vendor/illuminate/container/Container.php(890): Illuminate\\Container\\Container->build()
#2 /mnt/wwn-0x5000c5008073af77-part1/STORM_FRAMEWORK/usage/tests/storm/vendor/illuminate/container/Container.php(821): Illuminate\\Container\\Container->resolve()
#3 /mnt/wwn-0x5000c5008073af77-part1/STORM_FRAMEWORK/usage/tests/storm/vendor/illuminate/log/LogManager.php(146): Illuminate\\Container\\Container->make()
#4 /mnt/wwn-0x5000c5008073af77-part1/STORM_FRAMEWORK/usage/tests/storm/vendor/illuminate/support/helpers.php(526): Illuminate\\Log\\LogManager->Illuminate\\Log\\{closure}()
#5 /mnt/wwn-0x5000c5008073af77-part1/STORM_FRAMEWORK/usage/tests/storm/vendor/illuminate/log/LogManager.php(139): with()
#6 /mnt/wwn-0x5000c5008073af77-part1/STORM_FRAMEWORK/usage/tests/storm/vendor/illuminate/log/LogManager.php(126): Illuminate\\Log\\LogManager->get()
#7 /mnt/wwn-0x5000c5008073af77-part1/STORM_FRAMEWORK/usage/tests/storm/vendor/illuminate/log/LogManager.php(692): Illuminate\\Log\\LogManager->driver()
#8 /mnt/wwn-0x5000c5008073af77-part1/STORM_FRAMEWORK/usage/tests/storm/vendor/illuminate/support/Facades/Facade.php(361): Illuminate\\Log\\LogManager->error()
#9 /mnt/wwn-0x5000c5008073af77-part1/STORM_FRAMEWORK/usage/tests/storm/app/web/Controllers/LivresController.php(25): Illuminate\\Support\\Facades\\Facade::__callStatic()
#10 [internal function]: App\\web\\Controllers\\LivresController->index()
#11 /mnt/wwn-0x5000c5008073af77-part1/STORM_FRAMEWORK/usage/tests/storm/vendor/storm/framework/src/Routes/Route.php(186): call_user_func_array()
#12 /mnt/wwn-0x5000c5008073af77-part1/STORM_FRAMEWORK/usage/tests/storm/vendor/storm/framework/src/Routes/Route.php(159): StormBin\\Package\\Routes\\Route::execute()
#13 /mnt/wwn-0x5000c5008073af77-part1/STORM_FRAMEWORK/usage/tests/storm/vendor/storm/framework/src/Routes/Route.php(112): StormBin\\Package\\Routes\\Route::handleRoute()
#14 /mnt/wwn-0x5000c5008073af77-part1/STORM_FRAMEWORK/usage/tests/storm/public/index.php(43): StormBin\\Package\\Routes\\Route::dispatch()
#15 {main}
"} 
[2025-03-30 00:02:02] laravel.ERROR: Index error: Call to undefined function method_field() (View: /mnt/wwn-0x5000c5008073af77-part1/STORM_FRAMEWORK/usage/tests/storm/Views/Livres/index.blade.php)  
[2025-03-30 00:02:03] laravel.EMERGENCY: Unable to create configured logger. Using emergency logger. {"exception":"[object] (Illuminate\\Contracts\\Container\\BindingResolutionException(code: 0): Target class [Illuminate\\Contracts\\Log\\ContextLogProcessor] does not exist. at /mnt/wwn-0x5000c5008073af77-part1/STORM_FRAMEWORK/usage/tests/storm/vendor/illuminate/container/Container.php:1019)
[stacktrace]
#0 /mnt/wwn-0x5000c5008073af77-part1/STORM_FRAMEWORK/usage/tests/storm/vendor/illuminate/container/Container.php(890): Illuminate\\Container\\Container->build()
#1 /mnt/wwn-0x5000c5008073af77-part1/STORM_FRAMEWORK/usage/tests/storm/vendor/illuminate/container/Container.php(821): Illuminate\\Container\\Container->resolve()
#2 /mnt/wwn-0x5000c5008073af77-part1/STORM_FRAMEWORK/usage/tests/storm/vendor/illuminate/log/LogManager.php(146): Illuminate\\Container\\Container->make()
#3 /mnt/wwn-0x5000c5008073af77-part1/STORM_FRAMEWORK/usage/tests/storm/vendor/illuminate/support/helpers.php(526): Illuminate\\Log\\LogManager->Illuminate\\Log\\{closure}()
#4 /mnt/wwn-0x5000c5008073af77-part1/STORM_FRAMEWORK/usage/tests/storm/vendor/illuminate/log/LogManager.php(139): with()
#5 /mnt/wwn-0x5000c5008073af77-part1/STORM_FRAMEWORK/usage/tests/storm/vendor/illuminate/log/LogManager.php(126): Illuminate\\Log\\LogManager->get()
#6 /mnt/wwn-0x5000c5008073af77-part1/STORM_FRAMEWORK/usage/tests/storm/vendor/illuminate/log/LogManager.php(692): Illuminate\\Log\\LogManager->driver()
#7 /mnt/wwn-0x5000c5008073af77-part1/STORM_FRAMEWORK/usage/tests/storm/vendor/illuminate/support/Facades/Facade.php(361): Illuminate\\Log\\LogManager->error()
#8 /mnt/wwn-0x5000c5008073af77-part1/STORM_FRAMEWORK/usage/tests/storm/app/web/Controllers/LivresController.php(25): Illuminate\\Support\\Facades\\Facade::__callStatic()
#9 [internal function]: App\\web\\Controllers\\LivresController->index()
#10 /mnt/wwn-0x5000c5008073af77-part1/STORM_FRAMEWORK/usage/tests/storm/vendor/storm/framework/src/Routes/Route.php(186): call_user_func_array()
#11 /mnt/wwn-0x5000c5008073af77-part1/STORM_FRAMEWORK/usage/tests/storm/vendor/storm/framework/src/Routes/Route.php(159): StormBin\\Package\\Routes\\Route::execute()
#12 /mnt/wwn-0x5000c5008073af77-part1/STORM_FRAMEWORK/usage/tests/storm/vendor/storm/framework/src/Routes/Route.php(112): StormBin\\Package\\Routes\\Route::handleRoute()
#13 /mnt/wwn-0x5000c5008073af77-part1/STORM_FRAMEWORK/usage/tests/storm/public/index.php(43): StormBin\\Package\\Routes\\Route::dispatch()
#14 {main}

[previous exception] [object] (ReflectionException(code: -1): Class \"Illuminate\\Contracts\\Log\\ContextLogProcessor\" does not exist at /mnt/wwn-0x5000c5008073af77-part1/STORM_FRAMEWORK/usage/tests/storm/vendor/illuminate/container/Container.php:1017)
[stacktrace]
#0 /mnt/wwn-0x5000c5008073af77-part1/STORM_FRAMEWORK/usage/tests/storm/vendor/illuminate/container/Container.php(1017): ReflectionClass->__construct()
#1 /mnt/wwn-0x5000c5008073af77-part1/STORM_FRAMEWORK/usage/tests/storm/vendor/illuminate/container/Container.php(890): Illuminate\\Container\\Container->build()
#2 /mnt/wwn-0x5000c5008073af77-part1/STORM_FRAMEWORK/usage/tests/storm/vendor/illuminate/container/Container.php(821): Illuminate\\Container\\Container->resolve()
#3 /mnt/wwn-0x5000c5008073af77-part1/STORM_FRAMEWORK/usage/tests/storm/vendor/illuminate/log/LogManager.php(146): Illuminate\\Container\\Container->make()
#4 /mnt/wwn-0x5000c5008073af77-part1/STORM_FRAMEWORK/usage/tests/storm/vendor/illuminate/support/helpers.php(526): Illuminate\\Log\\LogManager->Illuminate\\Log\\{closure}()
#5 /mnt/wwn-0x5000c5008073af77-part1/STORM_FRAMEWORK/usage/tests/storm/vendor/illuminate/log/LogManager.php(139): with()
#6 /mnt/wwn-0x5000c5008073af77-part1/STORM_FRAMEWORK/usage/tests/storm/vendor/illuminate/log/LogManager.php(126): Illuminate\\Log\\LogManager->get()
#7 /mnt/wwn-0x5000c5008073af77-part1/STORM_FRAMEWORK/usage/tests/storm/vendor/illuminate/log/LogManager.php(692): Illuminate\\Log\\LogManager->driver()
#8 /mnt/wwn-0x5000c5008073af77-part1/STORM_FRAMEWORK/usage/tests/storm/vendor/illuminate/support/Facades/Facade.php(361): Illuminate\\Log\\LogManager->error()
#9 /mnt/wwn-0x5000c5008073af77-part1/STORM_FRAMEWORK/usage/tests/storm/app/web/Controllers/LivresController.php(25): Illuminate\\Support\\Facades\\Facade::__callStatic()
#10 [internal function]: App\\web\\Controllers\\LivresController->index()
#11 /mnt/wwn-0x5000c5008073af77-part1/STORM_FRAMEWORK/usage/tests/storm/vendor/storm/framework/src/Routes/Route.php(186): call_user_func_array()
#12 /mnt/wwn-0x5000c5008073af77-part1/STORM_FRAMEWORK/usage/tests/storm/vendor/storm/framework/src/Routes/Route.php(159): StormBin\\Package\\Routes\\Route::execute()
#13 /mnt/wwn-0x5000c5008073af77-part1/STORM_FRAMEWORK/usage/tests/storm/vendor/storm/framework/src/Routes/Route.php(112): StormBin\\Package\\Routes\\Route::handleRoute()
#14 /mnt/wwn-0x5000c5008073af77-part1/STORM_FRAMEWORK/usage/tests/storm/public/index.php(43): StormBin\\Package\\Routes\\Route::dispatch()
#15 {main}
"} 
[2025-03-30 00:02:03] laravel.ERROR: Index error: Call to undefined function method_field() (View: /mnt/wwn-0x5000c5008073af77-part1/STORM_FRAMEWORK/usage/tests/storm/Views/Livres/index.blade.php)  
[2025-03-30 00:16:25] laravel.EMERGENCY: Unable to create configured logger. Using emergency logger. {"exception":"[object] (Illuminate\\Contracts\\Container\\BindingResolutionException(code: 0): Target class [Illuminate\\Contracts\\Log\\ContextLogProcessor] does not exist. at /mnt/wwn-0x5000c5008073af77-part1/STORM_FRAMEWORK/usage/tests/storm/vendor/illuminate/container/Container.php:1019)
[stacktrace]
#0 /mnt/wwn-0x5000c5008073af77-part1/STORM_FRAMEWORK/usage/tests/storm/vendor/illuminate/container/Container.php(890): Illuminate\\Container\\Container->build()
#1 /mnt/wwn-0x5000c5008073af77-part1/STORM_FRAMEWORK/usage/tests/storm/vendor/illuminate/container/Container.php(821): Illuminate\\Container\\Container->resolve()
#2 /mnt/wwn-0x5000c5008073af77-part1/STORM_FRAMEWORK/usage/tests/storm/vendor/illuminate/log/LogManager.php(146): Illuminate\\Container\\Container->make()
#3 /mnt/wwn-0x5000c5008073af77-part1/STORM_FRAMEWORK/usage/tests/storm/vendor/illuminate/support/helpers.php(526): Illuminate\\Log\\LogManager->Illuminate\\Log\\{closure}()
#4 /mnt/wwn-0x5000c5008073af77-part1/STORM_FRAMEWORK/usage/tests/storm/vendor/illuminate/log/LogManager.php(139): with()
#5 /mnt/wwn-0x5000c5008073af77-part1/STORM_FRAMEWORK/usage/tests/storm/vendor/illuminate/log/LogManager.php(126): Illuminate\\Log\\LogManager->get()
#6 /mnt/wwn-0x5000c5008073af77-part1/STORM_FRAMEWORK/usage/tests/storm/vendor/illuminate/log/LogManager.php(692): Illuminate\\Log\\LogManager->driver()
#7 /mnt/wwn-0x5000c5008073af77-part1/STORM_FRAMEWORK/usage/tests/storm/vendor/illuminate/support/Facades/Facade.php(361): Illuminate\\Log\\LogManager->error()
#8 /mnt/wwn-0x5000c5008073af77-part1/STORM_FRAMEWORK/usage/tests/storm/app/web/Controllers/ProduitsController.php(88): Illuminate\\Support\\Facades\\Facade::__callStatic()
#9 [internal function]: App\\web\\Controllers\\ProduitsController->edit()
#10 /mnt/wwn-0x5000c5008073af77-part1/STORM_FRAMEWORK/usage/tests/storm/vendor/storm/framework/src/Routes/Route.php(186): call_user_func_array()
#11 /mnt/wwn-0x5000c5008073af77-part1/STORM_FRAMEWORK/usage/tests/storm/vendor/storm/framework/src/Routes/Route.php(159): StormBin\\Package\\Routes\\Route::execute()
#12 /mnt/wwn-0x5000c5008073af77-part1/STORM_FRAMEWORK/usage/tests/storm/vendor/storm/framework/src/Routes/Route.php(112): StormBin\\Package\\Routes\\Route::handleRoute()
#13 /mnt/wwn-0x5000c5008073af77-part1/STORM_FRAMEWORK/usage/tests/storm/public/index.php(43): StormBin\\Package\\Routes\\Route::dispatch()
#14 {main}

[previous exception] [object] (ReflectionException(code: -1): Class \"Illuminate\\Contracts\\Log\\ContextLogProcessor\" does not exist at /mnt/wwn-0x5000c5008073af77-part1/STORM_FRAMEWORK/usage/tests/storm/vendor/illuminate/container/Container.php:1017)
[stacktrace]
#0 /mnt/wwn-0x5000c5008073af77-part1/STORM_FRAMEWORK/usage/tests/storm/vendor/illuminate/container/Container.php(1017): ReflectionClass->__construct()
#1 /mnt/wwn-0x5000c5008073af77-part1/STORM_FRAMEWORK/usage/tests/storm/vendor/illuminate/container/Container.php(890): Illuminate\\Container\\Container->build()
#2 /mnt/wwn-0x5000c5008073af77-part1/STORM_FRAMEWORK/usage/tests/storm/vendor/illuminate/container/Container.php(821): Illuminate\\Container\\Container->resolve()
#3 /mnt/wwn-0x5000c5008073af77-part1/STORM_FRAMEWORK/usage/tests/storm/vendor/illuminate/log/LogManager.php(146): Illuminate\\Container\\Container->make()
#4 /mnt/wwn-0x5000c5008073af77-part1/STORM_FRAMEWORK/usage/tests/storm/vendor/illuminate/support/helpers.php(526): Illuminate\\Log\\LogManager->Illuminate\\Log\\{closure}()
#5 /mnt/wwn-0x5000c5008073af77-part1/STORM_FRAMEWORK/usage/tests/storm/vendor/illuminate/log/LogManager.php(139): with()
#6 /mnt/wwn-0x5000c5008073af77-part1/STORM_FRAMEWORK/usage/tests/storm/vendor/illuminate/log/LogManager.php(126): Illuminate\\Log\\LogManager->get()
#7 /mnt/wwn-0x5000c5008073af77-part1/STORM_FRAMEWORK/usage/tests/storm/vendor/illuminate/log/LogManager.php(692): Illuminate\\Log\\LogManager->driver()
#8 /mnt/wwn-0x5000c5008073af77-part1/STORM_FRAMEWORK/usage/tests/storm/vendor/illuminate/support/Facades/Facade.php(361): Illuminate\\Log\\LogManager->error()
#9 /mnt/wwn-0x5000c5008073af77-part1/STORM_FRAMEWORK/usage/tests/storm/app/web/Controllers/ProduitsController.php(88): Illuminate\\Support\\Facades\\Facade::__callStatic()
#10 [internal function]: App\\web\\Controllers\\ProduitsController->edit()
#11 /mnt/wwn-0x5000c5008073af77-part1/STORM_FRAMEWORK/usage/tests/storm/vendor/storm/framework/src/Routes/Route.php(186): call_user_func_array()
#12 /mnt/wwn-0x5000c5008073af77-part1/STORM_FRAMEWORK/usage/tests/storm/vendor/storm/framework/src/Routes/Route.php(159): StormBin\\Package\\Routes\\Route::execute()
#13 /mnt/wwn-0x5000c5008073af77-part1/STORM_FRAMEWORK/usage/tests/storm/vendor/storm/framework/src/Routes/Route.php(112): StormBin\\Package\\Routes\\Route::handleRoute()
#14 /mnt/wwn-0x5000c5008073af77-part1/STORM_FRAMEWORK/usage/tests/storm/public/index.php(43): StormBin\\Package\\Routes\\Route::dispatch()
#15 {main}
"} 
[2025-03-30 00:16:25] laravel.ERROR: Edit error: Call to undefined function method_field() (View: /mnt/wwn-0x5000c5008073af77-part1/STORM_FRAMEWORK/usage/tests/storm/Views/Produits/edit.blade.php)  
[2025-03-30 00:17:10] laravel.EMERGENCY: Unable to create configured logger. Using emergency logger. {"exception":"[object] (Illuminate\\Contracts\\Container\\BindingResolutionException(code: 0): Target class [Illuminate\\Contracts\\Log\\ContextLogProcessor] does not exist. at /mnt/wwn-0x5000c5008073af77-part1/STORM_FRAMEWORK/usage/tests/storm/vendor/illuminate/container/Container.php:1019)
[stacktrace]
#0 /mnt/wwn-0x5000c5008073af77-part1/STORM_FRAMEWORK/usage/tests/storm/vendor/illuminate/container/Container.php(890): Illuminate\\Container\\Container->build()
#1 /mnt/wwn-0x5000c5008073af77-part1/STORM_FRAMEWORK/usage/tests/storm/vendor/illuminate/container/Container.php(821): Illuminate\\Container\\Container->resolve()
#2 /mnt/wwn-0x5000c5008073af77-part1/STORM_FRAMEWORK/usage/tests/storm/vendor/illuminate/log/LogManager.php(146): Illuminate\\Container\\Container->make()
#3 /mnt/wwn-0x5000c5008073af77-part1/STORM_FRAMEWORK/usage/tests/storm/vendor/illuminate/support/helpers.php(526): Illuminate\\Log\\LogManager->Illuminate\\Log\\{closure}()
#4 /mnt/wwn-0x5000c5008073af77-part1/STORM_FRAMEWORK/usage/tests/storm/vendor/illuminate/log/LogManager.php(139): with()
#5 /mnt/wwn-0x5000c5008073af77-part1/STORM_FRAMEWORK/usage/tests/storm/vendor/illuminate/log/LogManager.php(126): Illuminate\\Log\\LogManager->get()
#6 /mnt/wwn-0x5000c5008073af77-part1/STORM_FRAMEWORK/usage/tests/storm/vendor/illuminate/log/LogManager.php(692): Illuminate\\Log\\LogManager->driver()
#7 /mnt/wwn-0x5000c5008073af77-part1/STORM_FRAMEWORK/usage/tests/storm/vendor/illuminate/support/Facades/Facade.php(361): Illuminate\\Log\\LogManager->error()
#8 /mnt/wwn-0x5000c5008073af77-part1/STORM_FRAMEWORK/usage/tests/storm/app/web/Controllers/ProduitsController.php(88): Illuminate\\Support\\Facades\\Facade::__callStatic()
#9 [internal function]: App\\web\\Controllers\\ProduitsController->edit()
#10 /mnt/wwn-0x5000c5008073af77-part1/STORM_FRAMEWORK/usage/tests/storm/vendor/storm/framework/src/Routes/Route.php(186): call_user_func_array()
#11 /mnt/wwn-0x5000c5008073af77-part1/STORM_FRAMEWORK/usage/tests/storm/vendor/storm/framework/src/Routes/Route.php(159): StormBin\\Package\\Routes\\Route::execute()
#12 /mnt/wwn-0x5000c5008073af77-part1/STORM_FRAMEWORK/usage/tests/storm/vendor/storm/framework/src/Routes/Route.php(112): StormBin\\Package\\Routes\\Route::handleRoute()
#13 /mnt/wwn-0x5000c5008073af77-part1/STORM_FRAMEWORK/usage/tests/storm/public/index.php(43): StormBin\\Package\\Routes\\Route::dispatch()
#14 {main}

[previous exception] [object] (ReflectionException(code: -1): Class \"Illuminate\\Contracts\\Log\\ContextLogProcessor\" does not exist at /mnt/wwn-0x5000c5008073af77-part1/STORM_FRAMEWORK/usage/tests/storm/vendor/illuminate/container/Container.php:1017)
[stacktrace]
#0 /mnt/wwn-0x5000c5008073af77-part1/STORM_FRAMEWORK/usage/tests/storm/vendor/illuminate/container/Container.php(1017): ReflectionClass->__construct()
#1 /mnt/wwn-0x5000c5008073af77-part1/STORM_FRAMEWORK/usage/tests/storm/vendor/illuminate/container/Container.php(890): Illuminate\\Container\\Container->build()
#2 /mnt/wwn-0x5000c5008073af77-part1/STORM_FRAMEWORK/usage/tests/storm/vendor/illuminate/container/Container.php(821): Illuminate\\Container\\Container->resolve()
#3 /mnt/wwn-0x5000c5008073af77-part1/STORM_FRAMEWORK/usage/tests/storm/vendor/illuminate/log/LogManager.php(146): Illuminate\\Container\\Container->make()
#4 /mnt/wwn-0x5000c5008073af77-part1/STORM_FRAMEWORK/usage/tests/storm/vendor/illuminate/support/helpers.php(526): Illuminate\\Log\\LogManager->Illuminate\\Log\\{closure}()
#5 /mnt/wwn-0x5000c5008073af77-part1/STORM_FRAMEWORK/usage/tests/storm/vendor/illuminate/log/LogManager.php(139): with()
#6 /mnt/wwn-0x5000c5008073af77-part1/STORM_FRAMEWORK/usage/tests/storm/vendor/illuminate/log/LogManager.php(126): Illuminate\\Log\\LogManager->get()
#7 /mnt/wwn-0x5000c5008073af77-part1/STORM_FRAMEWORK/usage/tests/storm/vendor/illuminate/log/LogManager.php(692): Illuminate\\Log\\LogManager->driver()
#8 /mnt/wwn-0x5000c5008073af77-part1/STORM_FRAMEWORK/usage/tests/storm/vendor/illuminate/support/Facades/Facade.php(361): Illuminate\\Log\\LogManager->error()
#9 /mnt/wwn-0x5000c5008073af77-part1/STORM_FRAMEWORK/usage/tests/storm/app/web/Controllers/ProduitsController.php(88): Illuminate\\Support\\Facades\\Facade::__callStatic()
#10 [internal function]: App\\web\\Controllers\\ProduitsController->edit()
#11 /mnt/wwn-0x5000c5008073af77-part1/STORM_FRAMEWORK/usage/tests/storm/vendor/storm/framework/src/Routes/Route.php(186): call_user_func_array()
#12 /mnt/wwn-0x5000c5008073af77-part1/STORM_FRAMEWORK/usage/tests/storm/vendor/storm/framework/src/Routes/Route.php(159): StormBin\\Package\\Routes\\Route::execute()
#13 /mnt/wwn-0x5000c5008073af77-part1/STORM_FRAMEWORK/usage/tests/storm/vendor/storm/framework/src/Routes/Route.php(112): StormBin\\Package\\Routes\\Route::handleRoute()
#14 /mnt/wwn-0x5000c5008073af77-part1/STORM_FRAMEWORK/usage/tests/storm/public/index.php(43): StormBin\\Package\\Routes\\Route::dispatch()
#15 {main}
"} 
[2025-03-30 00:17:10] laravel.ERROR: Edit error: Call to undefined function method_field() (View: /mnt/wwn-0x5000c5008073af77-part1/STORM_FRAMEWORK/usage/tests/storm/Views/Produits/edit.blade.php)  
[2025-03-30 00:17:11] laravel.EMERGENCY: Unable to create configured logger. Using emergency logger. {"exception":"[object] (Illuminate\\Contracts\\Container\\BindingResolutionException(code: 0): Target class [Illuminate\\Contracts\\Log\\ContextLogProcessor] does not exist. at /mnt/wwn-0x5000c5008073af77-part1/STORM_FRAMEWORK/usage/tests/storm/vendor/illuminate/container/Container.php:1019)
[stacktrace]
#0 /mnt/wwn-0x5000c5008073af77-part1/STORM_FRAMEWORK/usage/tests/storm/vendor/illuminate/container/Container.php(890): Illuminate\\Container\\Container->build()
#1 /mnt/wwn-0x5000c5008073af77-part1/STORM_FRAMEWORK/usage/tests/storm/vendor/illuminate/container/Container.php(821): Illuminate\\Container\\Container->resolve()
#2 /mnt/wwn-0x5000c5008073af77-part1/STORM_FRAMEWORK/usage/tests/storm/vendor/illuminate/log/LogManager.php(146): Illuminate\\Container\\Container->make()
#3 /mnt/wwn-0x5000c5008073af77-part1/STORM_FRAMEWORK/usage/tests/storm/vendor/illuminate/support/helpers.php(526): Illuminate\\Log\\LogManager->Illuminate\\Log\\{closure}()
#4 /mnt/wwn-0x5000c5008073af77-part1/STORM_FRAMEWORK/usage/tests/storm/vendor/illuminate/log/LogManager.php(139): with()
#5 /mnt/wwn-0x5000c5008073af77-part1/STORM_FRAMEWORK/usage/tests/storm/vendor/illuminate/log/LogManager.php(126): Illuminate\\Log\\LogManager->get()
#6 /mnt/wwn-0x5000c5008073af77-part1/STORM_FRAMEWORK/usage/tests/storm/vendor/illuminate/log/LogManager.php(692): Illuminate\\Log\\LogManager->driver()
#7 /mnt/wwn-0x5000c5008073af77-part1/STORM_FRAMEWORK/usage/tests/storm/vendor/illuminate/support/Facades/Facade.php(361): Illuminate\\Log\\LogManager->error()
#8 /mnt/wwn-0x5000c5008073af77-part1/STORM_FRAMEWORK/usage/tests/storm/app/web/Controllers/ProduitsController.php(88): Illuminate\\Support\\Facades\\Facade::__callStatic()
#9 [internal function]: App\\web\\Controllers\\ProduitsController->edit()
#10 /mnt/wwn-0x5000c5008073af77-part1/STORM_FRAMEWORK/usage/tests/storm/vendor/storm/framework/src/Routes/Route.php(186): call_user_func_array()
#11 /mnt/wwn-0x5000c5008073af77-part1/STORM_FRAMEWORK/usage/tests/storm/vendor/storm/framework/src/Routes/Route.php(159): StormBin\\Package\\Routes\\Route::execute()
#12 /mnt/wwn-0x5000c5008073af77-part1/STORM_FRAMEWORK/usage/tests/storm/vendor/storm/framework/src/Routes/Route.php(112): StormBin\\Package\\Routes\\Route::handleRoute()
#13 /mnt/wwn-0x5000c5008073af77-part1/STORM_FRAMEWORK/usage/tests/storm/public/index.php(43): StormBin\\Package\\Routes\\Route::dispatch()
#14 {main}

[previous exception] [object] (ReflectionException(code: -1): Class \"Illuminate\\Contracts\\Log\\ContextLogProcessor\" does not exist at /mnt/wwn-0x5000c5008073af77-part1/STORM_FRAMEWORK/usage/tests/storm/vendor/illuminate/container/Container.php:1017)
[stacktrace]
#0 /mnt/wwn-0x5000c5008073af77-part1/STORM_FRAMEWORK/usage/tests/storm/vendor/illuminate/container/Container.php(1017): ReflectionClass->__construct()
#1 /mnt/wwn-0x5000c5008073af77-part1/STORM_FRAMEWORK/usage/tests/storm/vendor/illuminate/container/Container.php(890): Illuminate\\Container\\Container->build()
#2 /mnt/wwn-0x5000c5008073af77-part1/STORM_FRAMEWORK/usage/tests/storm/vendor/illuminate/container/Container.php(821): Illuminate\\Container\\Container->resolve()
#3 /mnt/wwn-0x5000c5008073af77-part1/STORM_FRAMEWORK/usage/tests/storm/vendor/illuminate/log/LogManager.php(146): Illuminate\\Container\\Container->make()
#4 /mnt/wwn-0x5000c5008073af77-part1/STORM_FRAMEWORK/usage/tests/storm/vendor/illuminate/support/helpers.php(526): Illuminate\\Log\\LogManager->Illuminate\\Log\\{closure}()
#5 /mnt/wwn-0x5000c5008073af77-part1/STORM_FRAMEWORK/usage/tests/storm/vendor/illuminate/log/LogManager.php(139): with()
#6 /mnt/wwn-0x5000c5008073af77-part1/STORM_FRAMEWORK/usage/tests/storm/vendor/illuminate/log/LogManager.php(126): Illuminate\\Log\\LogManager->get()
#7 /mnt/wwn-0x5000c5008073af77-part1/STORM_FRAMEWORK/usage/tests/storm/vendor/illuminate/log/LogManager.php(692): Illuminate\\Log\\LogManager->driver()
#8 /mnt/wwn-0x5000c5008073af77-part1/STORM_FRAMEWORK/usage/tests/storm/vendor/illuminate/support/Facades/Facade.php(361): Illuminate\\Log\\LogManager->error()
#9 /mnt/wwn-0x5000c5008073af77-part1/STORM_FRAMEWORK/usage/tests/storm/app/web/Controllers/ProduitsController.php(88): Illuminate\\Support\\Facades\\Facade::__callStatic()
#10 [internal function]: App\\web\\Controllers\\ProduitsController->edit()
#11 /mnt/wwn-0x5000c5008073af77-part1/STORM_FRAMEWORK/usage/tests/storm/vendor/storm/framework/src/Routes/Route.php(186): call_user_func_array()
#12 /mnt/wwn-0x5000c5008073af77-part1/STORM_FRAMEWORK/usage/tests/storm/vendor/storm/framework/src/Routes/Route.php(159): StormBin\\Package\\Routes\\Route::execute()
#13 /mnt/wwn-0x5000c5008073af77-part1/STORM_FRAMEWORK/usage/tests/storm/vendor/storm/framework/src/Routes/Route.php(112): StormBin\\Package\\Routes\\Route::handleRoute()
#14 /mnt/wwn-0x5000c5008073af77-part1/STORM_FRAMEWORK/usage/tests/storm/public/index.php(43): StormBin\\Package\\Routes\\Route::dispatch()
#15 {main}
"} 
[2025-03-30 00:17:11] laravel.ERROR: Edit error: Call to undefined function method_field() (View: /mnt/wwn-0x5000c5008073af77-part1/STORM_FRAMEWORK/usage/tests/storm/Views/Produits/edit.blade.php)  
[2025-03-30 00:17:12] laravel.EMERGENCY: Unable to create configured logger. Using emergency logger. {"exception":"[object] (Illuminate\\Contracts\\Container\\BindingResolutionException(code: 0): Target class [Illuminate\\Contracts\\Log\\ContextLogProcessor] does not exist. at /mnt/wwn-0x5000c5008073af77-part1/STORM_FRAMEWORK/usage/tests/storm/vendor/illuminate/container/Container.php:1019)
[stacktrace]
#0 /mnt/wwn-0x5000c5008073af77-part1/STORM_FRAMEWORK/usage/tests/storm/vendor/illuminate/container/Container.php(890): Illuminate\\Container\\Container->build()
#1 /mnt/wwn-0x5000c5008073af77-part1/STORM_FRAMEWORK/usage/tests/storm/vendor/illuminate/container/Container.php(821): Illuminate\\Container\\Container->resolve()
#2 /mnt/wwn-0x5000c5008073af77-part1/STORM_FRAMEWORK/usage/tests/storm/vendor/illuminate/log/LogManager.php(146): Illuminate\\Container\\Container->make()
#3 /mnt/wwn-0x5000c5008073af77-part1/STORM_FRAMEWORK/usage/tests/storm/vendor/illuminate/support/helpers.php(526): Illuminate\\Log\\LogManager->Illuminate\\Log\\{closure}()
#4 /mnt/wwn-0x5000c5008073af77-part1/STORM_FRAMEWORK/usage/tests/storm/vendor/illuminate/log/LogManager.php(139): with()
#5 /mnt/wwn-0x5000c5008073af77-part1/STORM_FRAMEWORK/usage/tests/storm/vendor/illuminate/log/LogManager.php(126): Illuminate\\Log\\LogManager->get()
#6 /mnt/wwn-0x5000c5008073af77-part1/STORM_FRAMEWORK/usage/tests/storm/vendor/illuminate/log/LogManager.php(692): Illuminate\\Log\\LogManager->driver()
#7 /mnt/wwn-0x5000c5008073af77-part1/STORM_FRAMEWORK/usage/tests/storm/vendor/illuminate/support/Facades/Facade.php(361): Illuminate\\Log\\LogManager->error()
#8 /mnt/wwn-0x5000c5008073af77-part1/STORM_FRAMEWORK/usage/tests/storm/app/web/Controllers/ProduitsController.php(88): Illuminate\\Support\\Facades\\Facade::__callStatic()
#9 [internal function]: App\\web\\Controllers\\ProduitsController->edit()
#10 /mnt/wwn-0x5000c5008073af77-part1/STORM_FRAMEWORK/usage/tests/storm/vendor/storm/framework/src/Routes/Route.php(186): call_user_func_array()
#11 /mnt/wwn-0x5000c5008073af77-part1/STORM_FRAMEWORK/usage/tests/storm/vendor/storm/framework/src/Routes/Route.php(159): StormBin\\Package\\Routes\\Route::execute()
#12 /mnt/wwn-0x5000c5008073af77-part1/STORM_FRAMEWORK/usage/tests/storm/vendor/storm/framework/src/Routes/Route.php(112): StormBin\\Package\\Routes\\Route::handleRoute()
#13 /mnt/wwn-0x5000c5008073af77-part1/STORM_FRAMEWORK/usage/tests/storm/public/index.php(43): StormBin\\Package\\Routes\\Route::dispatch()
#14 {main}

[previous exception] [object] (ReflectionException(code: -1): Class \"Illuminate\\Contracts\\Log\\ContextLogProcessor\" does not exist at /mnt/wwn-0x5000c5008073af77-part1/STORM_FRAMEWORK/usage/tests/storm/vendor/illuminate/container/Container.php:1017)
[stacktrace]
#0 /mnt/wwn-0x5000c5008073af77-part1/STORM_FRAMEWORK/usage/tests/storm/vendor/illuminate/container/Container.php(1017): ReflectionClass->__construct()
#1 /mnt/wwn-0x5000c5008073af77-part1/STORM_FRAMEWORK/usage/tests/storm/vendor/illuminate/container/Container.php(890): Illuminate\\Container\\Container->build()
#2 /mnt/wwn-0x5000c5008073af77-part1/STORM_FRAMEWORK/usage/tests/storm/vendor/illuminate/container/Container.php(821): Illuminate\\Container\\Container->resolve()
#3 /mnt/wwn-0x5000c5008073af77-part1/STORM_FRAMEWORK/usage/tests/storm/vendor/illuminate/log/LogManager.php(146): Illuminate\\Container\\Container->make()
#4 /mnt/wwn-0x5000c5008073af77-part1/STORM_FRAMEWORK/usage/tests/storm/vendor/illuminate/support/helpers.php(526): Illuminate\\Log\\LogManager->Illuminate\\Log\\{closure}()
#5 /mnt/wwn-0x5000c5008073af77-part1/STORM_FRAMEWORK/usage/tests/storm/vendor/illuminate/log/LogManager.php(139): with()
#6 /mnt/wwn-0x5000c5008073af77-part1/STORM_FRAMEWORK/usage/tests/storm/vendor/illuminate/log/LogManager.php(126): Illuminate\\Log\\LogManager->get()
#7 /mnt/wwn-0x5000c5008073af77-part1/STORM_FRAMEWORK/usage/tests/storm/vendor/illuminate/log/LogManager.php(692): Illuminate\\Log\\LogManager->driver()
#8 /mnt/wwn-0x5000c5008073af77-part1/STORM_FRAMEWORK/usage/tests/storm/vendor/illuminate/support/Facades/Facade.php(361): Illuminate\\Log\\LogManager->error()
#9 /mnt/wwn-0x5000c5008073af77-part1/STORM_FRAMEWORK/usage/tests/storm/app/web/Controllers/ProduitsController.php(88): Illuminate\\Support\\Facades\\Facade::__callStatic()
#10 [internal function]: App\\web\\Controllers\\ProduitsController->edit()
#11 /mnt/wwn-0x5000c5008073af77-part1/STORM_FRAMEWORK/usage/tests/storm/vendor/storm/framework/src/Routes/Route.php(186): call_user_func_array()
#12 /mnt/wwn-0x5000c5008073af77-part1/STORM_FRAMEWORK/usage/tests/storm/vendor/storm/framework/src/Routes/Route.php(159): StormBin\\Package\\Routes\\Route::execute()
#13 /mnt/wwn-0x5000c5008073af77-part1/STORM_FRAMEWORK/usage/tests/storm/vendor/storm/framework/src/Routes/Route.php(112): StormBin\\Package\\Routes\\Route::handleRoute()
#14 /mnt/wwn-0x5000c5008073af77-part1/STORM_FRAMEWORK/usage/tests/storm/public/index.php(43): StormBin\\Package\\Routes\\Route::dispatch()
#15 {main}
"} 
[2025-03-30 00:17:12] laravel.ERROR: Edit error: Call to undefined function method_field() (View: /mnt/wwn-0x5000c5008073af77-part1/STORM_FRAMEWORK/usage/tests/storm/Views/Produits/edit.blade.php)  
[2025-03-30 00:26:44] laravel.EMERGENCY: Unable to create configured logger. Using emergency logger. {"exception":"[object] (Illuminate\\Contracts\\Container\\BindingResolutionException(code: 0): Target class [Illuminate\\Contracts\\Log\\ContextLogProcessor] does not exist. at /mnt/wwn-0x5000c5008073af77-part1/STORM_FRAMEWORK/usage/tests/storm/vendor/illuminate/container/Container.php:1019)
[stacktrace]
#0 /mnt/wwn-0x5000c5008073af77-part1/STORM_FRAMEWORK/usage/tests/storm/vendor/illuminate/container/Container.php(890): Illuminate\\Container\\Container->build()
#1 /mnt/wwn-0x5000c5008073af77-part1/STORM_FRAMEWORK/usage/tests/storm/vendor/illuminate/container/Container.php(821): Illuminate\\Container\\Container->resolve()
#2 /mnt/wwn-0x5000c5008073af77-part1/STORM_FRAMEWORK/usage/tests/storm/vendor/illuminate/log/LogManager.php(146): Illuminate\\Container\\Container->make()
#3 /mnt/wwn-0x5000c5008073af77-part1/STORM_FRAMEWORK/usage/tests/storm/vendor/illuminate/support/helpers.php(526): Illuminate\\Log\\LogManager->Illuminate\\Log\\{closure}()
#4 /mnt/wwn-0x5000c5008073af77-part1/STORM_FRAMEWORK/usage/tests/storm/vendor/illuminate/log/LogManager.php(139): with()
#5 /mnt/wwn-0x5000c5008073af77-part1/STORM_FRAMEWORK/usage/tests/storm/vendor/illuminate/log/LogManager.php(126): Illuminate\\Log\\LogManager->get()
#6 /mnt/wwn-0x5000c5008073af77-part1/STORM_FRAMEWORK/usage/tests/storm/vendor/illuminate/log/LogManager.php(692): Illuminate\\Log\\LogManager->driver()
#7 /mnt/wwn-0x5000c5008073af77-part1/STORM_FRAMEWORK/usage/tests/storm/vendor/illuminate/support/Facades/Facade.php(361): Illuminate\\Log\\LogManager->error()
#8 /mnt/wwn-0x5000c5008073af77-part1/STORM_FRAMEWORK/usage/tests/storm/app/web/Controllers/ProduitsController.php(54): Illuminate\\Support\\Facades\\Facade::__callStatic()
#9 [internal function]: App\\web\\Controllers\\ProduitsController->store()
#10 /mnt/wwn-0x5000c5008073af77-part1/STORM_FRAMEWORK/usage/tests/storm/vendor/storm/framework/src/Routes/Route.php(186): call_user_func_array()
#11 /mnt/wwn-0x5000c5008073af77-part1/STORM_FRAMEWORK/usage/tests/storm/vendor/storm/framework/src/Routes/Route.php(159): StormBin\\Package\\Routes\\Route::execute()
#12 /mnt/wwn-0x5000c5008073af77-part1/STORM_FRAMEWORK/usage/tests/storm/vendor/storm/framework/src/Routes/Route.php(112): StormBin\\Package\\Routes\\Route::handleRoute()
#13 /mnt/wwn-0x5000c5008073af77-part1/STORM_FRAMEWORK/usage/tests/storm/public/index.php(43): StormBin\\Package\\Routes\\Route::dispatch()
#14 {main}

[previous exception] [object] (ReflectionException(code: -1): Class \"Illuminate\\Contracts\\Log\\ContextLogProcessor\" does not exist at /mnt/wwn-0x5000c5008073af77-part1/STORM_FRAMEWORK/usage/tests/storm/vendor/illuminate/container/Container.php:1017)
[stacktrace]
#0 /mnt/wwn-0x5000c5008073af77-part1/STORM_FRAMEWORK/usage/tests/storm/vendor/illuminate/container/Container.php(1017): ReflectionClass->__construct()
#1 /mnt/wwn-0x5000c5008073af77-part1/STORM_FRAMEWORK/usage/tests/storm/vendor/illuminate/container/Container.php(890): Illuminate\\Container\\Container->build()
#2 /mnt/wwn-0x5000c5008073af77-part1/STORM_FRAMEWORK/usage/tests/storm/vendor/illuminate/container/Container.php(821): Illuminate\\Container\\Container->resolve()
#3 /mnt/wwn-0x5000c5008073af77-part1/STORM_FRAMEWORK/usage/tests/storm/vendor/illuminate/log/LogManager.php(146): Illuminate\\Container\\Container->make()
#4 /mnt/wwn-0x5000c5008073af77-part1/STORM_FRAMEWORK/usage/tests/storm/vendor/illuminate/support/helpers.php(526): Illuminate\\Log\\LogManager->Illuminate\\Log\\{closure}()
#5 /mnt/wwn-0x5000c5008073af77-part1/STORM_FRAMEWORK/usage/tests/storm/vendor/illuminate/log/LogManager.php(139): with()
#6 /mnt/wwn-0x5000c5008073af77-part1/STORM_FRAMEWORK/usage/tests/storm/vendor/illuminate/log/LogManager.php(126): Illuminate\\Log\\LogManager->get()
#7 /mnt/wwn-0x5000c5008073af77-part1/STORM_FRAMEWORK/usage/tests/storm/vendor/illuminate/log/LogManager.php(692): Illuminate\\Log\\LogManager->driver()
#8 /mnt/wwn-0x5000c5008073af77-part1/STORM_FRAMEWORK/usage/tests/storm/vendor/illuminate/support/Facades/Facade.php(361): Illuminate\\Log\\LogManager->error()
#9 /mnt/wwn-0x5000c5008073af77-part1/STORM_FRAMEWORK/usage/tests/storm/app/web/Controllers/ProduitsController.php(54): Illuminate\\Support\\Facades\\Facade::__callStatic()
#10 [internal function]: App\\web\\Controllers\\ProduitsController->store()
#11 /mnt/wwn-0x5000c5008073af77-part1/STORM_FRAMEWORK/usage/tests/storm/vendor/storm/framework/src/Routes/Route.php(186): call_user_func_array()
#12 /mnt/wwn-0x5000c5008073af77-part1/STORM_FRAMEWORK/usage/tests/storm/vendor/storm/framework/src/Routes/Route.php(159): StormBin\\Package\\Routes\\Route::execute()
#13 /mnt/wwn-0x5000c5008073af77-part1/STORM_FRAMEWORK/usage/tests/storm/vendor/storm/framework/src/Routes/Route.php(112): StormBin\\Package\\Routes\\Route::handleRoute()
#14 /mnt/wwn-0x5000c5008073af77-part1/STORM_FRAMEWORK/usage/tests/storm/public/index.php(43): StormBin\\Package\\Routes\\Route::dispatch()
#15 {main}
"} 
[2025-03-30 00:26:44] laravel.ERROR: Store error: SQLSTATE[22007]: Invalid datetime format: 1366 Incorrect decimal value: 'dsfg' for column `donald`.`produits`.`prix` at row 1 (Connection: default, SQL: insert into `produits` (`nom`, `prix`, `stock`, `categorie_id`, `fournisseur_id`, `client_favori_id`) values (gfds, dsfg, 45, 1, 1, 1))  
[2025-03-30 16:02:08] laravel.EMERGENCY: Unable to create configured logger. Using emergency logger. {"exception":"[object] (Illuminate\\Contracts\\Container\\BindingResolutionException(code: 0): Target class [Illuminate\\Contracts\\Log\\ContextLogProcessor] does not exist. at /mnt/wwn-0x5000c5008073af77-part1/STORM_FRAMEWORK/usage/tests/storm/vendor/illuminate/container/Container.php:1019)
[stacktrace]
#0 /mnt/wwn-0x5000c5008073af77-part1/STORM_FRAMEWORK/usage/tests/storm/vendor/illuminate/container/Container.php(890): Illuminate\\Container\\Container->build()
#1 /mnt/wwn-0x5000c5008073af77-part1/STORM_FRAMEWORK/usage/tests/storm/vendor/illuminate/container/Container.php(821): Illuminate\\Container\\Container->resolve()
#2 /mnt/wwn-0x5000c5008073af77-part1/STORM_FRAMEWORK/usage/tests/storm/vendor/illuminate/log/LogManager.php(146): Illuminate\\Container\\Container->make()
#3 /mnt/wwn-0x5000c5008073af77-part1/STORM_FRAMEWORK/usage/tests/storm/vendor/illuminate/support/helpers.php(526): Illuminate\\Log\\LogManager->Illuminate\\Log\\{closure}()
#4 /mnt/wwn-0x5000c5008073af77-part1/STORM_FRAMEWORK/usage/tests/storm/vendor/illuminate/log/LogManager.php(139): with()
#5 /mnt/wwn-0x5000c5008073af77-part1/STORM_FRAMEWORK/usage/tests/storm/vendor/illuminate/log/LogManager.php(126): Illuminate\\Log\\LogManager->get()
#6 /mnt/wwn-0x5000c5008073af77-part1/STORM_FRAMEWORK/usage/tests/storm/vendor/illuminate/log/LogManager.php(692): Illuminate\\Log\\LogManager->driver()
#7 /mnt/wwn-0x5000c5008073af77-part1/STORM_FRAMEWORK/usage/tests/storm/vendor/illuminate/support/Facades/Facade.php(361): Illuminate\\Log\\LogManager->error()
#8 /mnt/wwn-0x5000c5008073af77-part1/STORM_FRAMEWORK/usage/tests/storm/app/web/Controllers/ProduitsController.php(26): Illuminate\\Support\\Facades\\Facade::__callStatic()
#9 [internal function]: App\\web\\Controllers\\ProduitsController->index()
#10 /mnt/wwn-0x5000c5008073af77-part1/STORM_FRAMEWORK/usage/tests/storm/vendor/storm/framework/src/Routes/Route.php(186): call_user_func_array()
#11 /mnt/wwn-0x5000c5008073af77-part1/STORM_FRAMEWORK/usage/tests/storm/vendor/storm/framework/src/Routes/Route.php(159): StormBin\\Package\\Routes\\Route::execute()
#12 /mnt/wwn-0x5000c5008073af77-part1/STORM_FRAMEWORK/usage/tests/storm/vendor/storm/framework/src/Routes/Route.php(112): StormBin\\Package\\Routes\\Route::handleRoute()
#13 /mnt/wwn-0x5000c5008073af77-part1/STORM_FRAMEWORK/usage/tests/storm/public/index.php(43): StormBin\\Package\\Routes\\Route::dispatch()
#14 {main}

[previous exception] [object] (ReflectionException(code: -1): Class \"Illuminate\\Contracts\\Log\\ContextLogProcessor\" does not exist at /mnt/wwn-0x5000c5008073af77-part1/STORM_FRAMEWORK/usage/tests/storm/vendor/illuminate/container/Container.php:1017)
[stacktrace]
#0 /mnt/wwn-0x5000c5008073af77-part1/STORM_FRAMEWORK/usage/tests/storm/vendor/illuminate/container/Container.php(1017): ReflectionClass->__construct()
#1 /mnt/wwn-0x5000c5008073af77-part1/STORM_FRAMEWORK/usage/tests/storm/vendor/illuminate/container/Container.php(890): Illuminate\\Container\\Container->build()
#2 /mnt/wwn-0x5000c5008073af77-part1/STORM_FRAMEWORK/usage/tests/storm/vendor/illuminate/container/Container.php(821): Illuminate\\Container\\Container->resolve()
#3 /mnt/wwn-0x5000c5008073af77-part1/STORM_FRAMEWORK/usage/tests/storm/vendor/illuminate/log/LogManager.php(146): Illuminate\\Container\\Container->make()
#4 /mnt/wwn-0x5000c5008073af77-part1/STORM_FRAMEWORK/usage/tests/storm/vendor/illuminate/support/helpers.php(526): Illuminate\\Log\\LogManager->Illuminate\\Log\\{closure}()
#5 /mnt/wwn-0x5000c5008073af77-part1/STORM_FRAMEWORK/usage/tests/storm/vendor/illuminate/log/LogManager.php(139): with()
#6 /mnt/wwn-0x5000c5008073af77-part1/STORM_FRAMEWORK/usage/tests/storm/vendor/illuminate/log/LogManager.php(126): Illuminate\\Log\\LogManager->get()
#7 /mnt/wwn-0x5000c5008073af77-part1/STORM_FRAMEWORK/usage/tests/storm/vendor/illuminate/log/LogManager.php(692): Illuminate\\Log\\LogManager->driver()
#8 /mnt/wwn-0x5000c5008073af77-part1/STORM_FRAMEWORK/usage/tests/storm/vendor/illuminate/support/Facades/Facade.php(361): Illuminate\\Log\\LogManager->error()
#9 /mnt/wwn-0x5000c5008073af77-part1/STORM_FRAMEWORK/usage/tests/storm/app/web/Controllers/ProduitsController.php(26): Illuminate\\Support\\Facades\\Facade::__callStatic()
#10 [internal function]: App\\web\\Controllers\\ProduitsController->index()
#11 /mnt/wwn-0x5000c5008073af77-part1/STORM_FRAMEWORK/usage/tests/storm/vendor/storm/framework/src/Routes/Route.php(186): call_user_func_array()
#12 /mnt/wwn-0x5000c5008073af77-part1/STORM_FRAMEWORK/usage/tests/storm/vendor/storm/framework/src/Routes/Route.php(159): StormBin\\Package\\Routes\\Route::execute()
#13 /mnt/wwn-0x5000c5008073af77-part1/STORM_FRAMEWORK/usage/tests/storm/vendor/storm/framework/src/Routes/Route.php(112): StormBin\\Package\\Routes\\Route::handleRoute()
#14 /mnt/wwn-0x5000c5008073af77-part1/STORM_FRAMEWORK/usage/tests/storm/public/index.php(43): StormBin\\Package\\Routes\\Route::dispatch()
#15 {main}
"} 
[2025-03-30 16:02:09] laravel.ERROR: Index error: syntax error, unexpected token "{" (View: /mnt/wwn-0x5000c5008073af77-part1/STORM_FRAMEWORK/usage/tests/storm/Views/Produits/index.blade.php)  
[2025-03-30 16:05:10] laravel.EMERGENCY: Unable to create configured logger. Using emergency logger. {"exception":"[object] (Illuminate\\Contracts\\Container\\BindingResolutionException(code: 0): Target class [Illuminate\\Contracts\\Log\\ContextLogProcessor] does not exist. at /mnt/wwn-0x5000c5008073af77-part1/STORM_FRAMEWORK/usage/tests/storm/vendor/illuminate/container/Container.php:1019)
[stacktrace]
#0 /mnt/wwn-0x5000c5008073af77-part1/STORM_FRAMEWORK/usage/tests/storm/vendor/illuminate/container/Container.php(890): Illuminate\\Container\\Container->build()
#1 /mnt/wwn-0x5000c5008073af77-part1/STORM_FRAMEWORK/usage/tests/storm/vendor/illuminate/container/Container.php(821): Illuminate\\Container\\Container->resolve()
#2 /mnt/wwn-0x5000c5008073af77-part1/STORM_FRAMEWORK/usage/tests/storm/vendor/illuminate/log/LogManager.php(146): Illuminate\\Container\\Container->make()
#3 /mnt/wwn-0x5000c5008073af77-part1/STORM_FRAMEWORK/usage/tests/storm/vendor/illuminate/support/helpers.php(526): Illuminate\\Log\\LogManager->Illuminate\\Log\\{closure}()
#4 /mnt/wwn-0x5000c5008073af77-part1/STORM_FRAMEWORK/usage/tests/storm/vendor/illuminate/log/LogManager.php(139): with()
#5 /mnt/wwn-0x5000c5008073af77-part1/STORM_FRAMEWORK/usage/tests/storm/vendor/illuminate/log/LogManager.php(126): Illuminate\\Log\\LogManager->get()
#6 /mnt/wwn-0x5000c5008073af77-part1/STORM_FRAMEWORK/usage/tests/storm/vendor/illuminate/log/LogManager.php(692): Illuminate\\Log\\LogManager->driver()
#7 /mnt/wwn-0x5000c5008073af77-part1/STORM_FRAMEWORK/usage/tests/storm/vendor/illuminate/support/Facades/Facade.php(361): Illuminate\\Log\\LogManager->error()
#8 /mnt/wwn-0x5000c5008073af77-part1/STORM_FRAMEWORK/usage/tests/storm/app/web/Controllers/ProduitsController.php(26): Illuminate\\Support\\Facades\\Facade::__callStatic()
#9 [internal function]: App\\web\\Controllers\\ProduitsController->index()
#10 /mnt/wwn-0x5000c5008073af77-part1/STORM_FRAMEWORK/usage/tests/storm/vendor/storm/framework/src/Routes/Route.php(186): call_user_func_array()
#11 /mnt/wwn-0x5000c5008073af77-part1/STORM_FRAMEWORK/usage/tests/storm/vendor/storm/framework/src/Routes/Route.php(159): StormBin\\Package\\Routes\\Route::execute()
#12 /mnt/wwn-0x5000c5008073af77-part1/STORM_FRAMEWORK/usage/tests/storm/vendor/storm/framework/src/Routes/Route.php(112): StormBin\\Package\\Routes\\Route::handleRoute()
#13 /mnt/wwn-0x5000c5008073af77-part1/STORM_FRAMEWORK/usage/tests/storm/public/index.php(43): StormBin\\Package\\Routes\\Route::dispatch()
#14 {main}

[previous exception] [object] (ReflectionException(code: -1): Class \"Illuminate\\Contracts\\Log\\ContextLogProcessor\" does not exist at /mnt/wwn-0x5000c5008073af77-part1/STORM_FRAMEWORK/usage/tests/storm/vendor/illuminate/container/Container.php:1017)
[stacktrace]
#0 /mnt/wwn-0x5000c5008073af77-part1/STORM_FRAMEWORK/usage/tests/storm/vendor/illuminate/container/Container.php(1017): ReflectionClass->__construct()
#1 /mnt/wwn-0x5000c5008073af77-part1/STORM_FRAMEWORK/usage/tests/storm/vendor/illuminate/container/Container.php(890): Illuminate\\Container\\Container->build()
#2 /mnt/wwn-0x5000c5008073af77-part1/STORM_FRAMEWORK/usage/tests/storm/vendor/illuminate/container/Container.php(821): Illuminate\\Container\\Container->resolve()
#3 /mnt/wwn-0x5000c5008073af77-part1/STORM_FRAMEWORK/usage/tests/storm/vendor/illuminate/log/LogManager.php(146): Illuminate\\Container\\Container->make()
#4 /mnt/wwn-0x5000c5008073af77-part1/STORM_FRAMEWORK/usage/tests/storm/vendor/illuminate/support/helpers.php(526): Illuminate\\Log\\LogManager->Illuminate\\Log\\{closure}()
#5 /mnt/wwn-0x5000c5008073af77-part1/STORM_FRAMEWORK/usage/tests/storm/vendor/illuminate/log/LogManager.php(139): with()
#6 /mnt/wwn-0x5000c5008073af77-part1/STORM_FRAMEWORK/usage/tests/storm/vendor/illuminate/log/LogManager.php(126): Illuminate\\Log\\LogManager->get()
#7 /mnt/wwn-0x5000c5008073af77-part1/STORM_FRAMEWORK/usage/tests/storm/vendor/illuminate/log/LogManager.php(692): Illuminate\\Log\\LogManager->driver()
#8 /mnt/wwn-0x5000c5008073af77-part1/STORM_FRAMEWORK/usage/tests/storm/vendor/illuminate/support/Facades/Facade.php(361): Illuminate\\Log\\LogManager->error()
#9 /mnt/wwn-0x5000c5008073af77-part1/STORM_FRAMEWORK/usage/tests/storm/app/web/Controllers/ProduitsController.php(26): Illuminate\\Support\\Facades\\Facade::__callStatic()
#10 [internal function]: App\\web\\Controllers\\ProduitsController->index()
#11 /mnt/wwn-0x5000c5008073af77-part1/STORM_FRAMEWORK/usage/tests/storm/vendor/storm/framework/src/Routes/Route.php(186): call_user_func_array()
#12 /mnt/wwn-0x5000c5008073af77-part1/STORM_FRAMEWORK/usage/tests/storm/vendor/storm/framework/src/Routes/Route.php(159): StormBin\\Package\\Routes\\Route::execute()
#13 /mnt/wwn-0x5000c5008073af77-part1/STORM_FRAMEWORK/usage/tests/storm/vendor/storm/framework/src/Routes/Route.php(112): StormBin\\Package\\Routes\\Route::handleRoute()
#14 /mnt/wwn-0x5000c5008073af77-part1/STORM_FRAMEWORK/usage/tests/storm/public/index.php(43): StormBin\\Package\\Routes\\Route::dispatch()
#15 {main}
"} 
[2025-03-30 16:05:10] laravel.ERROR: Index error: Unclosed '(' does not match '}' (View: /mnt/wwn-0x5000c5008073af77-part1/STORM_FRAMEWORK/usage/tests/storm/Views/Produits/index.blade.php)  
[2025-03-30 16:05:13] laravel.EMERGENCY: Unable to create configured logger. Using emergency logger. {"exception":"[object] (Illuminate\\Contracts\\Container\\BindingResolutionException(code: 0): Target class [Illuminate\\Contracts\\Log\\ContextLogProcessor] does not exist. at /mnt/wwn-0x5000c5008073af77-part1/STORM_FRAMEWORK/usage/tests/storm/vendor/illuminate/container/Container.php:1019)
[stacktrace]
#0 /mnt/wwn-0x5000c5008073af77-part1/STORM_FRAMEWORK/usage/tests/storm/vendor/illuminate/container/Container.php(890): Illuminate\\Container\\Container->build()
#1 /mnt/wwn-0x5000c5008073af77-part1/STORM_FRAMEWORK/usage/tests/storm/vendor/illuminate/container/Container.php(821): Illuminate\\Container\\Container->resolve()
#2 /mnt/wwn-0x5000c5008073af77-part1/STORM_FRAMEWORK/usage/tests/storm/vendor/illuminate/log/LogManager.php(146): Illuminate\\Container\\Container->make()
#3 /mnt/wwn-0x5000c5008073af77-part1/STORM_FRAMEWORK/usage/tests/storm/vendor/illuminate/support/helpers.php(526): Illuminate\\Log\\LogManager->Illuminate\\Log\\{closure}()
#4 /mnt/wwn-0x5000c5008073af77-part1/STORM_FRAMEWORK/usage/tests/storm/vendor/illuminate/log/LogManager.php(139): with()
#5 /mnt/wwn-0x5000c5008073af77-part1/STORM_FRAMEWORK/usage/tests/storm/vendor/illuminate/log/LogManager.php(126): Illuminate\\Log\\LogManager->get()
#6 /mnt/wwn-0x5000c5008073af77-part1/STORM_FRAMEWORK/usage/tests/storm/vendor/illuminate/log/LogManager.php(692): Illuminate\\Log\\LogManager->driver()
#7 /mnt/wwn-0x5000c5008073af77-part1/STORM_FRAMEWORK/usage/tests/storm/vendor/illuminate/support/Facades/Facade.php(361): Illuminate\\Log\\LogManager->error()
#8 /mnt/wwn-0x5000c5008073af77-part1/STORM_FRAMEWORK/usage/tests/storm/app/web/Controllers/ProduitsController.php(26): Illuminate\\Support\\Facades\\Facade::__callStatic()
#9 [internal function]: App\\web\\Controllers\\ProduitsController->index()
#10 /mnt/wwn-0x5000c5008073af77-part1/STORM_FRAMEWORK/usage/tests/storm/vendor/storm/framework/src/Routes/Route.php(186): call_user_func_array()
#11 /mnt/wwn-0x5000c5008073af77-part1/STORM_FRAMEWORK/usage/tests/storm/vendor/storm/framework/src/Routes/Route.php(159): StormBin\\Package\\Routes\\Route::execute()
#12 /mnt/wwn-0x5000c5008073af77-part1/STORM_FRAMEWORK/usage/tests/storm/vendor/storm/framework/src/Routes/Route.php(112): StormBin\\Package\\Routes\\Route::handleRoute()
#13 /mnt/wwn-0x5000c5008073af77-part1/STORM_FRAMEWORK/usage/tests/storm/public/index.php(43): StormBin\\Package\\Routes\\Route::dispatch()
#14 {main}

[previous exception] [object] (ReflectionException(code: -1): Class \"Illuminate\\Contracts\\Log\\ContextLogProcessor\" does not exist at /mnt/wwn-0x5000c5008073af77-part1/STORM_FRAMEWORK/usage/tests/storm/vendor/illuminate/container/Container.php:1017)
[stacktrace]
#0 /mnt/wwn-0x5000c5008073af77-part1/STORM_FRAMEWORK/usage/tests/storm/vendor/illuminate/container/Container.php(1017): ReflectionClass->__construct()
#1 /mnt/wwn-0x5000c5008073af77-part1/STORM_FRAMEWORK/usage/tests/storm/vendor/illuminate/container/Container.php(890): Illuminate\\Container\\Container->build()
#2 /mnt/wwn-0x5000c5008073af77-part1/STORM_FRAMEWORK/usage/tests/storm/vendor/illuminate/container/Container.php(821): Illuminate\\Container\\Container->resolve()
#3 /mnt/wwn-0x5000c5008073af77-part1/STORM_FRAMEWORK/usage/tests/storm/vendor/illuminate/log/LogManager.php(146): Illuminate\\Container\\Container->make()
#4 /mnt/wwn-0x5000c5008073af77-part1/STORM_FRAMEWORK/usage/tests/storm/vendor/illuminate/support/helpers.php(526): Illuminate\\Log\\LogManager->Illuminate\\Log\\{closure}()
#5 /mnt/wwn-0x5000c5008073af77-part1/STORM_FRAMEWORK/usage/tests/storm/vendor/illuminate/log/LogManager.php(139): with()
#6 /mnt/wwn-0x5000c5008073af77-part1/STORM_FRAMEWORK/usage/tests/storm/vendor/illuminate/log/LogManager.php(126): Illuminate\\Log\\LogManager->get()
#7 /mnt/wwn-0x5000c5008073af77-part1/STORM_FRAMEWORK/usage/tests/storm/vendor/illuminate/log/LogManager.php(692): Illuminate\\Log\\LogManager->driver()
#8 /mnt/wwn-0x5000c5008073af77-part1/STORM_FRAMEWORK/usage/tests/storm/vendor/illuminate/support/Facades/Facade.php(361): Illuminate\\Log\\LogManager->error()
#9 /mnt/wwn-0x5000c5008073af77-part1/STORM_FRAMEWORK/usage/tests/storm/app/web/Controllers/ProduitsController.php(26): Illuminate\\Support\\Facades\\Facade::__callStatic()
#10 [internal function]: App\\web\\Controllers\\ProduitsController->index()
#11 /mnt/wwn-0x5000c5008073af77-part1/STORM_FRAMEWORK/usage/tests/storm/vendor/storm/framework/src/Routes/Route.php(186): call_user_func_array()
#12 /mnt/wwn-0x5000c5008073af77-part1/STORM_FRAMEWORK/usage/tests/storm/vendor/storm/framework/src/Routes/Route.php(159): StormBin\\Package\\Routes\\Route::execute()
#13 /mnt/wwn-0x5000c5008073af77-part1/STORM_FRAMEWORK/usage/tests/storm/vendor/storm/framework/src/Routes/Route.php(112): StormBin\\Package\\Routes\\Route::handleRoute()
#14 /mnt/wwn-0x5000c5008073af77-part1/STORM_FRAMEWORK/usage/tests/storm/public/index.php(43): StormBin\\Package\\Routes\\Route::dispatch()
#15 {main}
"} 
[2025-03-30 16:05:13] laravel.ERROR: Index error: Unclosed '(' does not match '}' (View: /mnt/wwn-0x5000c5008073af77-part1/STORM_FRAMEWORK/usage/tests/storm/Views/Produits/index.blade.php)  
